                                     | Core 0     | Core 1     | Core 2     | Core 3     | Core 4     | Core 5     | Core 6     | Core 7     | Core 8     | Core 9     | Core 10    | Core 11    | Core 12    | Core 13    | Core 14    | Core 15   
  Instructions                       |   29530331 |   26590697 |   30753682 |   24615272 |   28284642 |   21119645 |   25349347 |   27730497 |   28247411 |   23702987 |   25584737 |   18654727 |   23933964 |   23323027 |   26414882 |   24497187
  Cycles                             |   55574772 |   55574772 |   55574772 |   55574772 |   55574772 |   55574772 |   55574772 |   55574772 |   55574772 |   55574772 |   55574772 |   55574772 |   55574772 |   55574772 |   55574772 |   55574772
  IPC                                |       0.53 |       0.48 |       0.55 |       0.44 |       0.51 |       0.38 |       0.46 |       0.50 |       0.51 |       0.43 |       0.46 |       0.34 |       0.43 |       0.42 |       0.48 |       0.44
  Time (ns)                          |   20892772 |   20892772 |   20892772 |   20892772 |   20892772 |   20892772 |   20892772 |   20892772 |   20892772 |   20892772 |   20892772 |   20892772 |   20892772 |   20892772 |   20892772 |   20892772
  Idle time (ns)                     |     874715 |    2442752 |     161692 |    3887736 |     157337 |    3867333 |     984030 |     304568 |      71748 |    2220598 |    1230094 |    5565781 |    2200853 |    2481301 |     714692 |    1655415
  Idle time (%)                      |       4.2% |      11.7% |       0.8% |      18.6% |       0.8% |      18.5% |       4.7% |       1.5% |       0.3% |      10.6% |       5.9% |      26.6% |      10.5% |      11.9% |       3.4% |       7.9%
Branch predictor stats               |            |            |            |            |            |            |            |            |            |            |            |            |            |            |            |           
  num correct                        |    5738220 |    5150330 |    5982905 |    4755218 |    5489067 |    4056136 |    4902051 |    5378267 |    5481662 |    4572784 |    4949099 |    3563126 |    4618923 |    4496799 |    5115176 |    4731594
  num incorrect                      |        252 |        224 |        239 |        244 |        269 |        207 |        233 |        240 |        227 |        221 |        256 |        227 |        278 |        214 |        208 |        251
  misprediction rate                 |      0.00% |      0.00% |      0.00% |      0.01% |      0.00% |      0.01% |      0.00% |      0.00% |      0.00% |      0.00% |      0.01% |      0.01% |      0.01% |      0.00% |      0.00% |      0.01%
  mpki                               |       0.01 |       0.01 |       0.01 |       0.01 |       0.01 |       0.01 |       0.01 |       0.01 |       0.01 |       0.01 |       0.01 |       0.01 |       0.01 |       0.01 |       0.01 |       0.01
TLB Summary                          |            |            |            |            |            |            |            |            |            |            |            |            |            |            |            |           
Cache Summary                        |            |            |            |            |            |            |            |            |            |            |            |            |            |            |            |           
  Cache L1-I                         |            |            |            |            |            |            |            |            |            |            |            |            |            |            |            |           
    num cache accesses               |     211018 |     211012 |     211017 |     211017 |     211017 |     211012 |     211012 |     211017 |     211015 |     211017 |     211017 |     211017 |     211016 |     211017 |     211017 |     211017
    num cache misses                 |         16 |         15 |         16 |         16 |         16 |         15 |         15 |         16 |         15 |         16 |         16 |         16 |         16 |         16 |         16 |         16
    miss rate                        |      0.01% |      0.01% |      0.01% |      0.01% |      0.01% |      0.01% |      0.01% |      0.01% |      0.01% |      0.01% |      0.01% |      0.01% |      0.01% |      0.01% |      0.01% |      0.01%
    mpki                             |       0.00 |       0.00 |       0.00 |       0.00 |       0.00 |       0.00 |       0.00 |       0.00 |       0.00 |       0.00 |       0.00 |       0.00 |       0.00 |       0.00 |       0.00 |       0.00
  Cache L1-D                         |            |            |            |            |            |            |            |            |            |            |            |            |            |            |            |           
    num cache accesses               |   17840426 |   16076663 |   18574448 |   14891402 |   17093024 |   12794031 |   15331854 |   16760537 |   17070684 |   14344031 |   15473081 |   11315075 |   14482619 |   14116055 |   15971168 |   14820551
    num cache misses                 |    1878175 |    1555708 |    1670549 |    1423329 |    1688346 |    1204855 |    1410375 |    1454671 |    1551827 |    1280198 |    1321816 |    1013218 |    1535416 |    1316996 |    1385672 |    1341428
    miss rate                        |     10.53% |      9.68% |      8.99% |      9.56% |      9.88% |      9.42% |      9.20% |      8.68% |      9.09% |      8.92% |      8.54% |      8.95% |     10.60% |      9.33% |      8.68% |      9.05%
    mpki                             |      63.60 |      58.51 |      54.32 |      57.82 |      59.69 |      57.05 |      55.64 |      52.46 |      54.94 |      54.01 |      51.66 |      54.31 |      64.15 |      56.47 |      52.46 |      54.76
  Cache L2                           |            |            |            |            |            |            |            |            |            |            |            |            |            |            |            |           
    num cache accesses               |    1878232 |    1555765 |    1670612 |    1423390 |    1688415 |    1204904 |    1410429 |    1454734 |    1551890 |    1280257 |    1321883 |    1013274 |    1535488 |    1317050 |    1385726 |    1341486
    num cache misses                 |     587811 |     516971 |     575117 |     470486 |     557773 |     435033 |     510744 |     516696 |     556027 |     479696 |     498979 |     385106 |     513780 |     473547 |     514864 |     489586
    miss rate                        |     31.30% |     33.23% |     34.43% |     33.05% |     33.04% |     36.11% |     36.21% |     35.52% |     35.83% |     37.47% |     37.75% |     38.01% |     33.46% |     35.96% |     37.15% |     36.50%
    mpki                             |      19.91 |      19.44 |      18.70 |      19.11 |      19.72 |      20.60 |      20.15 |      18.63 |      19.68 |      20.24 |      19.50 |      20.64 |      21.47 |      20.30 |      19.49 |      19.99
  Cache L3                           |            |            |            |            |            |            |            |            |            |            |            |            |            |            |            |           
    num cache accesses               |     587852 |     517010 |     575164 |     470529 |     557826 |     435066 |     510782 |     516743 |     556073 |     479738 |     499030 |     385146 |     513833 |     473581 |     514902 |     489626
    num cache misses                 |     587811 |     516971 |     575117 |     470486 |     557773 |     435033 |     510744 |     516696 |     556027 |     479696 |     498979 |     385106 |     513780 |     473547 |     514864 |     489586
    miss rate                        |     99.99% |     99.99% |     99.99% |     99.99% |     99.99% |     99.99% |     99.99% |     99.99% |     99.99% |     99.99% |     99.99% |     99.99% |     99.99% |     99.99% |     99.99% |     99.99%
    mpki                             |      19.91 |      19.44 |      18.70 |      19.11 |      19.72 |      20.60 |      20.15 |      18.63 |      19.68 |      20.24 |      19.50 |      20.64 |      21.47 |      20.30 |      19.49 |      19.99
DRAM summary                         |            |            |            |            |            |            |            |            |            |            |            |            |            |            |            |           
  num dram accesses                  |        126 |          0 |          0 |          0 |          0 |          0 |          0 |          0 |          0 |          0 |          0 |          0 |          0 |          0 |          0 |          0
  average dram access latency (ns)   |     259.42 |        inf |        inf |        inf |        inf |        inf |        inf |        inf |        inf |        inf |        inf |        inf |        inf |        inf |        inf |        inf
  average dram queueing delay        |     205.99 |       0.00 |       0.00 |       0.00 |       0.00 |       0.00 |       0.00 |       0.00 |       0.00 |       0.00 |       0.00 |       0.00 |       0.00 |       0.00 |       0.00 |       0.00
  average dram bandwidth utilization |      0.00% |      0.00% |      0.00% |      0.00% |      0.00% |      0.00% |      0.00% |      0.00% |      0.00% |      0.00% |      0.00% |      0.00% |      0.00% |      0.00% |      0.00% |      0.00%
Coherency Traffic                    |            |            |            |            |            |            |            |            |            |            |            |            |            |            |            |           
  num loads from dram                |          3 |          3 |          4 |          7 |          4 |          5 |          4 |          3 |          6 |          5 |          3 |          3 |          3 |          6 |          4 |          3
  num loads from dram cache          |          0 |          0 |          0 |          0 |          0 |          0 |          0 |          0 |          0 |          0 |          0 |          0 |          0 |          0 |          0 |          0
  num loads from remote cache        |         40 |         39 |         45 |         39 |         51 |         31 |         37 |         47 |         45 |         40 |         47 |         38 |         50 |         35 |         36 |         40
