                                     | Core 0     | Core 1     | Core 2     | Core 3     | Core 4     | Core 5     | Core 6     | Core 7     | Core 8     | Core 9     | Core 10    | Core 11    | Core 12    | Core 13    | Core 14    | Core 15   
  Instructions                       |     605622 |     449872 |     397943 |     533280 |     483500 |     440576 |     313479 |     513477 |     488684 |     501564 |     489388 |     446169 |     560908 |     457460 |     348474 |     521869
  Cycles                             |     985986 |     985986 |     985986 |     985986 |     985986 |     985986 |     985986 |     985986 |     985986 |     985986 |     985986 |     985986 |     985986 |     985986 |     985986 |     985986
  IPC                                |       0.61 |       0.46 |       0.40 |       0.54 |       0.49 |       0.45 |       0.32 |       0.52 |       0.50 |       0.51 |       0.50 |       0.45 |       0.57 |       0.46 |       0.35 |       0.53
  Time (ns)                          |     370672 |     370672 |     370672 |     370672 |     370672 |     370672 |     370672 |     370672 |     370672 |     370672 |     370672 |     370672 |     370672 |     370672 |     370672 |     370672
  Idle time (ns)                     |      72759 |     131212 |     162086 |      93882 |     116820 |     121784 |     192171 |      75947 |     113749 |      82005 |      86090 |     104442 |      74682 |      96938 |     167561 |      71814
  Idle time (%)                      |      19.6% |      35.4% |      43.7% |      25.3% |      31.5% |      32.9% |      51.8% |      20.5% |      30.7% |      22.1% |      23.2% |      28.2% |      20.1% |      26.2% |      45.2% |      19.4%
Branch predictor stats               |            |            |            |            |            |            |            |            |            |            |            |            |            |            |            |           
  num correct                        |     111776 |      80656 |      70273 |      97334 |      87404 |      78787 |      53386 |      93375 |      88418 |      90961 |      88583 |      79923 |     102841 |      82153 |      60360 |      95026
  num incorrect                      |        147 |        127 |        130 |        131 |        110 |        137 |        124 |        135 |        127 |        160 |        109 |        119 |        155 |        146 |        142 |        161
  misprediction rate                 |      0.13% |      0.16% |      0.18% |      0.13% |      0.13% |      0.17% |      0.23% |      0.14% |      0.14% |      0.18% |      0.12% |      0.15% |      0.15% |      0.18% |      0.23% |      0.17%
  mpki                               |       0.24 |       0.28 |       0.33 |       0.25 |       0.23 |       0.31 |       0.40 |       0.26 |       0.26 |       0.32 |       0.22 |       0.27 |       0.28 |       0.32 |       0.41 |       0.31
TLB Summary                          |            |            |            |            |            |            |            |            |            |            |            |            |            |            |            |           
Cache Summary                        |            |            |            |            |            |            |            |            |            |            |            |            |            |            |            |           
  Cache L1-I                         |            |            |            |            |            |            |            |            |            |            |            |            |            |            |            |           
    num cache accesses               |      13018 |      13016 |      13011 |      13016 |      13011 |      13016 |      13011 |      13011 |      13016 |      13016 |      13011 |      13017 |      13011 |      13021 |      13021 |      13009
    num cache misses                 |         16 |         16 |         15 |         16 |         15 |         16 |         15 |         15 |         16 |         16 |         15 |         16 |         15 |         16 |         16 |         14
    miss rate                        |      0.12% |      0.12% |      0.12% |      0.12% |      0.12% |      0.12% |      0.12% |      0.12% |      0.12% |      0.12% |      0.12% |      0.12% |      0.12% |      0.12% |      0.12% |      0.11%
    mpki                             |       0.03 |       0.04 |       0.04 |       0.03 |       0.03 |       0.04 |       0.05 |       0.03 |       0.03 |       0.03 |       0.03 |       0.04 |       0.03 |       0.03 |       0.05 |       0.03
  Cache L1-D                         |            |            |            |            |            |            |            |            |            |            |            |            |            |            |            |           
    num cache accesses               |     366779 |     273365 |     242212 |     323409 |     293547 |     267786 |     191535 |     311533 |     296651 |     304378 |     297079 |     271141 |     339991 |     277906 |     212515 |     316568
    num cache misses                 |      29748 |      22406 |      21014 |      25173 |      22639 |      19995 |      14955 |      20394 |      26432 |      24327 |      24107 |      22886 |      26282 |      21973 |      15977 |      24690
    miss rate                        |      8.11% |      8.20% |      8.68% |      7.78% |      7.71% |      7.47% |      7.81% |      6.55% |      8.91% |      7.99% |      8.11% |      8.44% |      7.73% |      7.91% |      7.52% |      7.80%
    mpki                             |      49.12 |      49.81 |      52.81 |      47.20 |      46.82 |      45.38 |      47.71 |      39.72 |      54.09 |      48.50 |      49.26 |      51.29 |      46.86 |      48.03 |      45.85 |      47.31
  Cache L2                           |            |            |            |            |            |            |            |            |            |            |            |            |            |            |            |           
    num cache accesses               |      29912 |      22584 |      21168 |      25360 |      22757 |      20130 |      15112 |      20566 |      26567 |      24484 |      24246 |      23030 |      26428 |      22147 |      16111 |      24826
    num cache misses                 |       8785 |       6718 |       6009 |       7727 |       6649 |       6197 |       4700 |       7492 |       6928 |       7380 |       7140 |       6756 |       7765 |       6941 |       5191 |       7599
    miss rate                        |     29.37% |     29.75% |     28.39% |     30.47% |     29.22% |     30.78% |     31.10% |     36.43% |     26.08% |     30.14% |     29.45% |     29.34% |     29.38% |     31.34% |     32.22% |     30.61%
    mpki                             |      14.51 |      14.93 |      15.10 |      14.49 |      13.75 |      14.07 |      14.99 |      14.59 |      14.18 |      14.71 |      14.59 |      15.14 |      13.84 |      15.17 |      14.90 |      14.56
  Cache L3                           |            |            |            |            |            |            |            |            |            |            |            |            |            |            |            |           
    num cache accesses               |       8926 |       6856 |       6138 |       7886 |       6740 |       6294 |       4816 |       7638 |       7036 |       7510 |       7238 |       6848 |       7862 |       7085 |       5290 |       7703
    num cache misses                 |       8785 |       6718 |       6008 |       7726 |       6648 |       6197 |       4700 |       7492 |       6927 |       7380 |       7140 |       6756 |       7765 |       6941 |       5191 |       7598
    miss rate                        |     98.42% |     97.99% |     97.88% |     97.97% |     98.64% |     98.46% |     97.59% |     98.09% |     98.45% |     98.27% |     98.65% |     98.66% |     98.77% |     97.97% |     98.13% |     98.64%
    mpki                             |      14.51 |      14.93 |      15.10 |      14.49 |      13.75 |      14.07 |      14.99 |      14.59 |      14.17 |      14.71 |      14.59 |      15.14 |      13.84 |      15.17 |      14.90 |      14.56
DRAM summary                         |            |            |            |            |            |            |            |            |            |            |            |            |            |            |            |           
  num dram accesses                  |        136 |          0 |          0 |          0 |          0 |          0 |          0 |          0 |          0 |          0 |          0 |          0 |          0 |          0 |          0 |          0
  average dram access latency (ns)   |     247.01 |        inf |        inf |        inf |        inf |        inf |        inf |        inf |        inf |        inf |        inf |        inf |        inf |        inf |        inf |        inf
  average dram queueing delay        |     193.58 |       0.00 |       0.00 |       0.00 |       0.00 |       0.00 |       0.00 |       0.00 |       0.00 |       0.00 |       0.00 |       0.00 |       0.00 |       0.00 |       0.00 |       0.00
  average dram bandwidth utilization |      0.00% |      0.00% |      0.00% |      0.00% |      0.00% |      0.00% |      0.00% |      0.00% |      0.00% |      0.00% |      0.00% |      0.00% |      0.00% |      0.00% |      0.00% |      0.00%
Coherency Traffic                    |            |            |            |            |            |            |            |            |            |            |            |            |            |            |            |           
  num loads from dram                |          5 |          5 |          3 |          4 |          4 |          6 |          7 |          9 |          4 |          7 |          3 |          6 |          5 |          5 |          5 |          3
  num loads from dram cache          |          0 |          0 |          0 |          0 |          0 |          0 |          0 |          0 |          0 |          0 |          0 |          0 |          0 |          0 |          0 |          0
  num loads from remote cache        |        128 |        122 |        110 |        141 |         79 |         80 |        103 |        118 |         92 |        108 |         87 |         81 |         81 |        128 |         82 |         85
