                                     | Core 0     | Core 1     | Core 2     | Core 3     | Core 4     | Core 5     | Core 6     | Core 7     | Core 8     | Core 9     | Core 10    | Core 11    | Core 12    | Core 13    | Core 14    | Core 15   
  Instructions                       |   82227726 |   94139872 |   90022014 |   94567036 |   88709114 |   94450402 |   93560562 |   86900060 |   89472239 |   92820279 |   94309497 |   75022612 |   89669733 |   93690830 |   90587479 |   79348714
  Cycles                             |   52952524 |   52952524 |   52952524 |   52952524 |   52952524 |   52952524 |   52952524 |   52952524 |   52952524 |   52952524 |   52952524 |   52952524 |   52952524 |   52952524 |   52952524 |   52952524
  IPC                                |       1.55 |       1.78 |       1.70 |       1.79 |       1.68 |       1.78 |       1.77 |       1.64 |       1.69 |       1.75 |       1.78 |       1.42 |       1.69 |       1.77 |       1.71 |       1.50
  Time (ns)                          |   19906964 |   19906964 |   19906964 |   19906964 |   19906964 |   19906964 |   19906964 |   19906964 |   19906964 |   19906964 |   19906964 |   19906964 |   19906964 |   19906964 |   19906964 |   19906964
  Idle time (ns)                     |    2726488 |     384662 |    1196763 |     291367 |    1224700 |      91192 |     261460 |    1580224 |    1029950 |     372229 |      71762 |    3921584 |     976782 |     156565 |     795821 |    3036162
  Idle time (%)                      |      13.7% |       1.9% |       6.0% |       1.5% |       6.2% |       0.5% |       1.3% |       7.9% |       5.2% |       1.9% |       0.4% |      19.7% |       4.9% |       0.8% |       4.0% |      15.3%
Branch predictor stats               |            |            |            |            |            |            |            |            |            |            |            |            |            |            |            |           
  num correct                        |   20320622 |   23298594 |   22269189 |   23405379 |   21940953 |   23376199 |   23153798 |   21488701 |   22131664 |   22968599 |   23340972 |   18519423 |   22181093 |   23186341 |   22410577 |   19600893
  num incorrect                      |        799 |        858 |        814 |        876 |        819 |        898 |        839 |        809 |        893 |        954 |        896 |        721 |        836 |        860 |        796 |        782
  misprediction rate                 |      0.00% |      0.00% |      0.00% |      0.00% |      0.00% |      0.00% |      0.00% |      0.00% |      0.00% |      0.00% |      0.00% |      0.00% |      0.00% |      0.00% |      0.00% |      0.00%
  mpki                               |       0.01 |       0.01 |       0.01 |       0.01 |       0.01 |       0.01 |       0.01 |       0.01 |       0.01 |       0.01 |       0.01 |       0.01 |       0.01 |       0.01 |       0.01 |       0.01
TLB Summary                          |            |            |            |            |            |            |            |            |            |            |            |            |            |            |            |           
Cache Summary                        |            |            |            |            |            |            |            |            |            |            |            |            |            |            |            |           
  Cache L1-I                         |            |            |            |            |            |            |            |            |            |            |            |            |            |            |            |           
    num cache accesses               |     210020 |     210017 |     210012 |     210012 |     210013 |     210013 |     210012 |     210013 |     210013 |     210017 |     210010 |     210021 |     210012 |     210013 |     210012 |     210012
    num cache misses                 |         15 |         15 |         15 |         15 |         15 |         15 |         15 |         15 |         15 |         15 |         14 |         16 |         15 |         15 |         15 |         15
    miss rate                        |      0.01% |      0.01% |      0.01% |      0.01% |      0.01% |      0.01% |      0.01% |      0.01% |      0.01% |      0.01% |      0.01% |      0.01% |      0.01% |      0.01% |      0.01% |      0.01%
    mpki                             |       0.00 |       0.00 |       0.00 |       0.00 |       0.00 |       0.00 |       0.00 |       0.00 |       0.00 |       0.00 |       0.00 |       0.00 |       0.00 |       0.00 |       0.00 |       0.00
  Cache L1-D                         |            |            |            |            |            |            |            |            |            |            |            |            |            |            |            |           
    num cache accesses               |   41370881 |   47326961 |   45268040 |   47540548 |   44611584 |   47482230 |   47037308 |   43707058 |   44993145 |   46667164 |   47411778 |   37768327 |   45091897 |   47102442 |   45550775 |   39931388
    num cache misses                 |      19442 |      22199 |      21201 |      22398 |      21317 |      22517 |      22307 |      20725 |      21501 |      22166 |      22450 |      18024 |      21497 |      22480 |      21592 |      19044
    miss rate                        |      0.05% |      0.05% |      0.05% |      0.05% |      0.05% |      0.05% |      0.05% |      0.05% |      0.05% |      0.05% |      0.05% |      0.05% |      0.05% |      0.05% |      0.05% |      0.05%
    mpki                             |       0.24 |       0.24 |       0.24 |       0.24 |       0.24 |       0.24 |       0.24 |       0.24 |       0.24 |       0.24 |       0.24 |       0.24 |       0.24 |       0.24 |       0.24 |       0.24
  Cache L2                           |            |            |            |            |            |            |            |            |            |            |            |            |            |            |            |           
    num cache accesses               |      20433 |      23239 |      22195 |      23398 |      22386 |      23535 |      23328 |      21760 |      22549 |      23183 |      23442 |      19090 |      22594 |      23497 |      22604 |      20052
    num cache misses                 |      19457 |      22215 |      21216 |      22413 |      21332 |      22532 |      22322 |      20740 |      21516 |      22181 |      22464 |      18040 |      21512 |      22495 |      21607 |      19059
    miss rate                        |     95.22% |     95.59% |     95.59% |     95.79% |     95.29% |     95.74% |     95.69% |     95.31% |     95.42% |     95.68% |     95.83% |     94.50% |     95.21% |     95.74% |     95.59% |     95.05%
    mpki                             |       0.24 |       0.24 |       0.24 |       0.24 |       0.24 |       0.24 |       0.24 |       0.24 |       0.24 |       0.24 |       0.24 |       0.24 |       0.24 |       0.24 |       0.24 |       0.24
  Cache L3                           |            |            |            |            |            |            |            |            |            |            |            |            |            |            |            |           
    num cache accesses               |      20433 |      23239 |      22195 |      23398 |      22386 |      23535 |      23328 |      21760 |      22550 |      23183 |      23442 |      19090 |      22594 |      23497 |      22604 |      20052
    num cache misses                 |      10646 |      12596 |      11742 |      12743 |      12126 |      13001 |      12865 |      11867 |      12212 |      12727 |      13077 |      10073 |      12096 |      13143 |      12306 |      10560
    miss rate                        |     52.10% |     54.20% |     52.90% |     54.46% |     54.17% |     55.24% |     55.15% |     54.54% |     54.16% |     54.90% |     55.78% |     52.77% |     53.54% |     55.93% |     54.44% |     52.66%
    mpki                             |       0.13 |       0.13 |       0.13 |       0.13 |       0.14 |       0.14 |       0.14 |       0.14 |       0.14 |       0.14 |       0.14 |       0.13 |       0.13 |       0.14 |       0.14 |       0.13
DRAM summary                         |            |            |            |            |            |            |            |            |            |            |            |            |            |            |            |           
  num dram accesses                  |      47799 |          0 |          0 |          0 |          0 |          0 |          0 |          0 |          0 |          0 |          0 |          0 |          0 |          0 |          0 |          0
  average dram access latency (ns)   |      55.88 |        inf |        inf |        inf |        inf |        inf |        inf |        inf |        inf |        inf |        inf |        inf |        inf |        inf |        inf |        inf
  average dram queueing delay        |       2.45 |       0.00 |       0.00 |       0.00 |       0.00 |       0.00 |       0.00 |       0.00 |       0.00 |       0.00 |       0.00 |       0.00 |       0.00 |       0.00 |       0.00 |       0.00
  average dram bandwidth utilization |      2.00% |      0.00% |      0.00% |      0.00% |      0.00% |      0.00% |      0.00% |      0.00% |      0.00% |      0.00% |      0.00% |      0.00% |      0.00% |      0.00% |      0.00% |      0.00%
Coherency Traffic                    |            |            |            |            |            |            |            |            |            |            |            |            |            |            |            |           
  num loads from dram                |       2496 |       3067 |       2805 |       3099 |       6546 |       6966 |       6938 |       6390 |       7493 |       7800 |       7995 |       6180 |       8057 |       8666 |       8189 |       6935
  num loads from dram cache          |          0 |          0 |          0 |          0 |          0 |          0 |          0 |          0 |          0 |          0 |          0 |          0 |          0 |          0 |          0 |          0
  num loads from remote cache        |       6217 |       7238 |       6770 |       7241 |       3276 |       3530 |       3496 |       3209 |       2383 |       2480 |       2565 |       1987 |       1701 |       1908 |       1716 |       1526
