                                     | Core 0     | Core 1     | Core 2     | Core 3     | Core 4     | Core 5     | Core 6     | Core 7     | Core 8     | Core 9     | Core 10    | Core 11    | Core 12    | Core 13    | Core 14    | Core 15   
  Instructions                       |     104594 |     105507 |     104555 |     104234 |     104512 |     104967 |     105008 |     104365 |     104769 |     104674 |     102466 |     104320 |     104672 |     105171 |     104864 |     103614
  Cycles                             |    4372999 |    4372999 |    4372999 |    4372999 |    4372999 |    4372999 |    4372999 |    4372999 |    4372999 |    4372999 |    4372999 |    4372999 |    4372999 |    4372999 |    4372999 |    4372999
  IPC                                |       0.02 |       0.02 |       0.02 |       0.02 |       0.02 |       0.02 |       0.02 |       0.02 |       0.02 |       0.02 |       0.02 |       0.02 |       0.02 |       0.02 |       0.02 |       0.02
  Time (ns)                          |    1643985 |    1643985 |    1643985 |    1643985 |    1643985 |    1643985 |    1643985 |    1643985 |    1643985 |    1643985 |    1643985 |    1643985 |    1643985 |    1643985 |    1643985 |    1643985
  Idle time (ns)                     |    1541489 |    1532606 |    1537595 |    1542190 |    1543715 |    1534529 |    1536670 |    1540986 |    1538044 |    1541277 |    1556088 |    1540063 |    1541179 |    1538509 |    1541803 |    1546249
  Idle time (%)                      |      93.8% |      93.2% |      93.5% |      93.8% |      93.9% |      93.3% |      93.5% |      93.7% |      93.6% |      93.8% |      94.7% |      93.7% |      93.7% |      93.6% |      93.8% |      94.1%
Branch predictor stats               |            |            |            |            |            |            |            |            |            |            |            |            |            |            |            |           
  num correct                        |      10825 |      10874 |      10773 |      10856 |      10880 |      10880 |      10861 |      10777 |      10796 |      10868 |      10836 |      10859 |      10802 |      10847 |      10886 |      10804
  num incorrect                      |        904 |        925 |        926 |        876 |        879 |        897 |        902 |        933 |        927 |        914 |        727 |        875 |        934 |        923 |        888 |        862
  misprediction rate                 |      7.71% |      7.84% |      7.92% |      7.47% |      7.48% |      7.62% |      7.67% |      7.97% |      7.91% |      7.76% |      6.29% |      7.46% |      7.96% |      7.84% |      7.54% |      7.39%
  mpki                               |       8.64 |       8.77 |       8.86 |       8.40 |       8.41 |       8.55 |       8.59 |       8.94 |       8.85 |       8.73 |       7.10 |       8.39 |       8.92 |       8.78 |       8.47 |       8.32
TLB Summary                          |            |            |            |            |            |            |            |            |            |            |            |            |            |            |            |           
Cache Summary                        |            |            |            |            |            |            |            |            |            |            |            |            |            |            |            |           
  Cache L1-I                         |            |            |            |            |            |            |            |            |            |            |            |            |            |            |            |           
    num cache accesses               |      18380 |      18515 |      18403 |      18321 |      18343 |      18440 |      18449 |      18378 |      18437 |      18357 |      18178 |      18363 |      18401 |      18460 |      18393 |      18290
    num cache misses                 |         24 |         25 |         25 |         25 |         24 |         25 |         24 |         25 |         24 |         25 |         24 |         25 |         25 |         24 |         23 |         25
    miss rate                        |      0.13% |      0.14% |      0.14% |      0.14% |      0.13% |      0.14% |      0.13% |      0.14% |      0.13% |      0.14% |      0.13% |      0.14% |      0.14% |      0.13% |      0.13% |      0.14%
    mpki                             |       0.23 |       0.24 |       0.24 |       0.24 |       0.23 |       0.24 |       0.23 |       0.24 |       0.23 |       0.24 |       0.23 |       0.24 |       0.24 |       0.23 |       0.22 |       0.24
  Cache L1-D                         |            |            |            |            |            |            |            |            |            |            |            |            |            |            |            |           
    num cache accesses               |      54884 |      55267 |      54909 |      54701 |      54803 |      55019 |      55053 |      54801 |      54996 |      54836 |      54050 |      54748 |      54924 |      55125 |      54972 |      54480
    num cache misses                 |       3831 |       4055 |       3892 |       3712 |       3566 |       4084 |       4011 |       3671 |       3931 |       3662 |       3175 |       3782 |       3759 |       3814 |       3691 |       3374
    miss rate                        |      6.98% |      7.34% |      7.09% |      6.79% |      6.51% |      7.42% |      7.29% |      6.70% |      7.15% |      6.68% |      5.87% |      6.91% |      6.84% |      6.92% |      6.71% |      6.19%
    mpki                             |      36.63 |      38.43 |      37.22 |      35.61 |      34.12 |      38.91 |      38.20 |      35.17 |      37.52 |      34.98 |      30.99 |      36.25 |      35.91 |      36.26 |      35.20 |      32.56
  Cache L2                           |            |            |            |            |            |            |            |            |            |            |            |            |            |            |            |           
    num cache accesses               |       5042 |       5323 |       5098 |       4869 |       4666 |       5341 |       5258 |       4790 |       5237 |       4872 |       4238 |       5056 |       4927 |       5003 |       4840 |       4455
    num cache misses                 |       3093 |       3354 |       3196 |       3080 |       2954 |       3372 |       3322 |       3105 |       3238 |       3057 |       2658 |       3221 |       3097 |       3210 |       3108 |       2794
    miss rate                        |     61.34% |     63.01% |     62.69% |     63.26% |     63.31% |     63.13% |     63.18% |     64.82% |     61.83% |     62.75% |     62.72% |     63.71% |     62.86% |     64.16% |     64.21% |     62.72%
    mpki                             |      29.57 |      31.79 |      30.57 |      29.55 |      28.26 |      32.12 |      31.64 |      29.75 |      30.91 |      29.20 |      25.94 |      30.88 |      29.59 |      30.52 |      29.64 |      26.97
  Cache L3                           |            |            |            |            |            |            |            |            |            |            |            |            |            |            |            |           
    num cache accesses               |       4136 |       4467 |       4279 |       4076 |       3912 |       4422 |       4389 |       4077 |       4386 |       4116 |       3584 |       4319 |       4136 |       4234 |       4101 |       3729
    num cache misses                 |       2363 |       2551 |       2420 |       2366 |       2235 |       2563 |       2547 |       2297 |       2434 |       2245 |       2074 |       2504 |       2340 |       2472 |       2379 |       2105
    miss rate                        |     57.13% |     57.11% |     56.56% |     58.05% |     57.13% |     57.96% |     58.03% |     56.34% |     55.49% |     54.54% |     57.87% |     57.98% |     56.58% |     58.38% |     58.01% |     56.45%
    mpki                             |      22.59 |      24.18 |      23.15 |      22.70 |      21.39 |      24.42 |      24.26 |      22.01 |      23.23 |      21.45 |      20.24 |      24.00 |      22.36 |      23.50 |      22.69 |      20.32
DRAM summary                         |            |            |            |            |            |            |            |            |            |            |            |            |            |            |            |           
  num dram accesses                  |        130 |          0 |          0 |          0 |          0 |          0 |          0 |          0 |          0 |          0 |          0 |          0 |          0 |          0 |          0 |          0
  average dram access latency (ns)   |     291.15 |        inf |        inf |        inf |        inf |        inf |        inf |        inf |        inf |        inf |        inf |        inf |        inf |        inf |        inf |        inf
  average dram queueing delay        |     237.72 |       0.00 |       0.00 |       0.00 |       0.00 |       0.00 |       0.00 |       0.00 |       0.00 |       0.00 |       0.00 |       0.00 |       0.00 |       0.00 |       0.00 |       0.00
  average dram bandwidth utilization |      0.00% |      0.00% |      0.00% |      0.00% |      0.00% |      0.00% |      0.00% |      0.00% |      0.00% |      0.00% |      0.00% |      0.00% |      0.00% |      0.00% |      0.00% |      0.00%
Coherency Traffic                    |            |            |            |            |            |            |            |            |            |            |            |            |            |            |            |           
  num loads from dram                |          5 |          4 |          5 |          6 |          4 |          4 |          6 |          5 |          5 |          6 |          4 |          5 |          8 |          4 |          4 |          4
  num loads from dram cache          |          0 |          0 |          0 |          0 |          0 |          0 |          0 |          0 |          0 |          0 |          0 |          0 |          0 |          0 |          0 |          0
  num loads from remote cache        |       1256 |       1364 |       1343 |       1186 |       1140 |       1305 |       1278 |       1219 |       1327 |       1179 |       1082 |       1358 |       1221 |       1317 |       1247 |       1115
