                                     | Core 0     | Core 1     | Core 2     | Core 3     | Core 4     | Core 5     | Core 6     | Core 7     | Core 8     | Core 9     | Core 10    | Core 11    | Core 12    | Core 13    | Core 14    | Core 15   
  Instructions                       |     101898 |     104127 |     103919 |     103901 |     102093 |     102928 |     103591 |     103301 |     103736 |     103969 |     103072 |     102790 |     102865 |     102944 |     103575 |     102796
  Cycles                             |    4330049 |    4330049 |    4330049 |    4330049 |    4330049 |    4330049 |    4330049 |    4330049 |    4330049 |    4330049 |    4330049 |    4330049 |    4330049 |    4330049 |    4330049 |    4330049
  IPC                                |       0.02 |       0.02 |       0.02 |       0.02 |       0.02 |       0.02 |       0.02 |       0.02 |       0.02 |       0.02 |       0.02 |       0.02 |       0.02 |       0.02 |       0.02 |       0.02
  Time (ns)                          |    1627838 |    1627838 |    1627838 |    1627838 |    1627838 |    1627838 |    1627838 |    1627838 |    1627838 |    1627838 |    1627838 |    1627838 |    1627838 |    1627838 |    1627838 |    1627838
  Idle time (ns)                     |    1546279 |    1534515 |    1536206 |    1535246 |    1538748 |    1538015 |    1531794 |    1533462 |    1533083 |    1529738 |    1535642 |    1532008 |    1537871 |    1537196 |    1532119 |    1534124
  Idle time (%)                      |      95.0% |      94.3% |      94.4% |      94.3% |      94.5% |      94.5% |      94.1% |      94.2% |      94.2% |      94.0% |      94.3% |      94.1% |      94.5% |      94.4% |      94.1% |      94.2%
Branch predictor stats               |            |            |            |            |            |            |            |            |            |            |            |            |            |            |            |           
  num correct                        |      10908 |      10864 |      10924 |      10899 |      10928 |      10939 |      10872 |      10907 |      10921 |      10896 |      10991 |      10879 |      10875 |      10852 |      10858 |      10916
  num incorrect                      |        676 |        851 |        773 |        783 |        664 |        704 |        796 |        762 |        758 |        808 |        686 |        742 |        737 |        781 |        800 |        734
  misprediction rate                 |      5.84% |      7.26% |      6.61% |      6.70% |      5.73% |      6.05% |      6.82% |      6.53% |      6.49% |      6.90% |      5.87% |      6.38% |      6.35% |      6.71% |      6.86% |      6.30%
  mpki                               |       6.63 |       8.17 |       7.44 |       7.54 |       6.50 |       6.84 |       7.68 |       7.38 |       7.31 |       7.77 |       6.66 |       7.22 |       7.16 |       7.59 |       7.72 |       7.14
TLB Summary                          |            |            |            |            |            |            |            |            |            |            |            |            |            |            |            |           
Cache Summary                        |            |            |            |            |            |            |            |            |            |            |            |            |            |            |            |           
  Cache L1-I                         |            |            |            |            |            |            |            |            |            |            |            |            |            |            |            |           
    num cache accesses               |      18065 |      18348 |      18313 |      18325 |      18075 |      18187 |      18289 |      18228 |      18309 |      18328 |      18168 |      18170 |      18222 |      18203 |      18298 |      18144
    num cache misses                 |         24 |         26 |         24 |         25 |         26 |         24 |         24 |         25 |         25 |         24 |         25 |         24 |         25 |         24 |         24 |         25
    miss rate                        |      0.13% |      0.14% |      0.13% |      0.14% |      0.14% |      0.13% |      0.13% |      0.14% |      0.14% |      0.13% |      0.14% |      0.13% |      0.14% |      0.13% |      0.13% |      0.14%
    mpki                             |       0.24 |       0.25 |       0.23 |       0.24 |       0.25 |       0.23 |       0.23 |       0.24 |       0.24 |       0.23 |       0.24 |       0.23 |       0.24 |       0.23 |       0.23 |       0.24
  Cache L1-D                         |            |            |            |            |            |            |            |            |            |            |            |            |            |            |            |           
    num cache accesses               |      53733 |      54690 |      54601 |      54609 |      53812 |      54169 |      54472 |      54306 |      54535 |      54612 |      54192 |      54124 |      54184 |      54194 |      54477 |      54090
    num cache misses                 |       2204 |       2549 |       2545 |       2557 |       2155 |       2234 |       2388 |       2347 |       2426 |       2404 |       2214 |       2312 |       2179 |       2208 |       2365 |       2364
    miss rate                        |      4.10% |      4.66% |      4.66% |      4.68% |      4.00% |      4.12% |      4.38% |      4.32% |      4.45% |      4.40% |      4.09% |      4.27% |      4.02% |      4.07% |      4.34% |      4.37%
    mpki                             |      21.63 |      24.48 |      24.49 |      24.61 |      21.11 |      21.70 |      23.05 |      22.72 |      23.39 |      23.12 |      21.48 |      22.49 |      21.18 |      21.45 |      22.83 |      23.00
  Cache L2                           |            |            |            |            |            |            |            |            |            |            |            |            |            |            |            |           
    num cache accesses               |       3089 |       3500 |       3506 |       3517 |       2979 |       3067 |       3349 |       3224 |       3356 |       3328 |       3000 |       3214 |       3034 |       3063 |       3244 |       3225
    num cache misses                 |       2230 |       2583 |       2575 |       2587 |       2182 |       2264 |       2416 |       2378 |       2453 |       2430 |       2242 |       2341 |       2204 |       2235 |       2392 |       2390
    miss rate                        |     72.19% |     73.80% |     73.45% |     73.56% |     73.25% |     73.82% |     72.14% |     73.76% |     73.09% |     73.02% |     74.73% |     72.84% |     72.64% |     72.97% |     73.74% |     74.11%
    mpki                             |      21.88 |      24.81 |      24.78 |      24.90 |      21.37 |      22.00 |      23.32 |      23.02 |      23.65 |      23.37 |      21.75 |      22.77 |      21.43 |      21.71 |      23.09 |      23.25
  Cache L3                           |            |            |            |            |            |            |            |            |            |            |            |            |            |            |            |           
    num cache accesses               |       3089 |       3500 |       3506 |       3517 |       2979 |       3067 |       3349 |       3224 |       3356 |       3328 |       3000 |       3214 |       3034 |       3063 |       3244 |       3225
    num cache misses                 |       1830 |       2136 |       2041 |       2095 |       1833 |       1802 |       1985 |       1944 |       1975 |       2002 |       1873 |       1962 |       1772 |       1848 |       1956 |       1941
    miss rate                        |     59.24% |     61.03% |     58.21% |     59.57% |     61.53% |     58.75% |     59.27% |     60.30% |     58.85% |     60.16% |     62.43% |     61.05% |     58.40% |     60.33% |     60.30% |     60.19%
    mpki                             |      17.96 |      20.51 |      19.64 |      20.16 |      17.95 |      17.51 |      19.16 |      18.82 |      19.04 |      19.26 |      18.17 |      19.09 |      17.23 |      17.95 |      18.88 |      18.88
DRAM summary                         |            |            |            |            |            |            |            |            |            |            |            |            |            |            |            |           
  num dram accesses                  |       2376 |          0 |          0 |          0 |          0 |          0 |          0 |          0 |          0 |          0 |          0 |          0 |          0 |          0 |          0 |          0
  average dram access latency (ns)   |      69.46 |        inf |        inf |        inf |        inf |        inf |        inf |        inf |        inf |        inf |        inf |        inf |        inf |        inf |        inf |        inf
  average dram queueing delay        |      16.03 |       0.00 |       0.00 |       0.00 |       0.00 |       0.00 |       0.00 |       0.00 |       0.00 |       0.00 |       0.00 |       0.00 |       0.00 |       0.00 |       0.00 |       0.00
  average dram bandwidth utilization |      1.00% |      0.00% |      0.00% |      0.00% |      0.00% |      0.00% |      0.00% |      0.00% |      0.00% |      0.00% |      0.00% |      0.00% |      0.00% |      0.00% |      0.00% |      0.00%
Coherency Traffic                    |            |            |            |            |            |            |            |            |            |            |            |            |            |            |            |           
  num loads from dram                |         92 |        128 |        113 |        121 |        107 |         91 |        108 |        126 |         99 |         96 |        111 |        121 |         85 |        113 |        109 |        114
  num loads from dram cache          |          0 |          0 |          0 |          0 |          0 |          0 |          0 |          0 |          0 |          0 |          0 |          0 |          0 |          0 |          0 |          0
  num loads from remote cache        |       1027 |       1180 |       1155 |       1186 |       1005 |       1037 |       1106 |       1092 |       1147 |       1143 |       1035 |       1107 |       1041 |       1031 |       1101 |       1085
