                                     | Core 0     | Core 1     | Core 2     | Core 3     | Core 4     | Core 5     | Core 6     | Core 7     | Core 8     | Core 9     | Core 10    | Core 11    | Core 12    | Core 13    | Core 14    | Core 15   
  Instructions                       |     104276 |     103986 |     105630 |     106287 |     105456 |     106039 |     104985 |     105958 |     106305 |     105546 |     106263 |     105231 |     104054 |     106048 |     104571 |     105420
  Cycles                             |    3946354 |    3946354 |    3946354 |    3946354 |    3946354 |    3946354 |    3946354 |    3946354 |    3946354 |    3946354 |    3946354 |    3946354 |    3946354 |    3946354 |    3946354 |    3946354
  IPC                                |       0.03 |       0.03 |       0.03 |       0.03 |       0.03 |       0.03 |       0.03 |       0.03 |       0.03 |       0.03 |       0.03 |       0.03 |       0.03 |       0.03 |       0.03 |       0.03
  Time (ns)                          |    1483592 |    1483592 |    1483592 |    1483592 |    1483592 |    1483592 |    1483592 |    1483592 |    1483592 |    1483592 |    1483592 |    1483592 |    1483592 |    1483592 |    1483592 |    1483592
  Idle time (ns)                     |    1384437 |    1389720 |    1380476 |    1373631 |    1382102 |    1377285 |    1387981 |    1372374 |    1376278 |    1379570 |    1381854 |    1386225 |    1392684 |    1374012 |    1384076 |    1386183
  Idle time (%)                      |      93.3% |      93.7% |      93.0% |      92.6% |      93.2% |      92.8% |      93.6% |      92.5% |      92.8% |      93.0% |      93.1% |      93.4% |      93.9% |      92.6% |      93.3% |      93.4%
Branch predictor stats               |            |            |            |            |            |            |            |            |            |            |            |            |            |            |            |           
  num correct                        |      10929 |      10831 |      10916 |      10920 |      10918 |      10871 |      10870 |      10915 |      10841 |      10881 |      10906 |      10881 |      10891 |      10834 |      10874 |      10985
  num incorrect                      |        800 |        862 |        908 |        940 |        859 |        972 |        879 |        908 |        981 |        906 |        939 |        885 |        800 |        951 |        852 |        839
  misprediction rate                 |      6.82% |      7.37% |      7.68% |      7.93% |      7.29% |      8.21% |      7.48% |      7.68% |      8.30% |      7.69% |      7.93% |      7.52% |      6.84% |      8.07% |      7.27% |      7.10%
  mpki                               |       7.67 |       8.29 |       8.60 |       8.84 |       8.15 |       9.17 |       8.37 |       8.57 |       9.23 |       8.58 |       8.84 |       8.41 |       7.69 |       8.97 |       8.15 |       7.96
TLB Summary                          |            |            |            |            |            |            |            |            |            |            |            |            |            |            |            |           
Cache Summary                        |            |            |            |            |            |            |            |            |            |            |            |            |            |            |            |           
  Cache L1-I                         |            |            |            |            |            |            |            |            |            |            |            |            |            |            |            |           
    num cache accesses               |      18355 |      18334 |      18500 |      18596 |      18521 |      18562 |      18444 |      18559 |      18630 |      18510 |      18588 |      18476 |      18346 |      18627 |      18401 |      18463
    num cache misses                 |         24 |         25 |         24 |         23 |         24 |         24 |         24 |         24 |         24 |         24 |         24 |         24 |         24 |         24 |         24 |         24
    miss rate                        |      0.13% |      0.14% |      0.13% |      0.12% |      0.13% |      0.13% |      0.13% |      0.13% |      0.13% |      0.13% |      0.13% |      0.13% |      0.13% |      0.13% |      0.13% |      0.13%
    mpki                             |       0.23 |       0.24 |       0.23 |       0.22 |       0.23 |       0.23 |       0.23 |       0.23 |       0.23 |       0.23 |       0.23 |       0.23 |       0.23 |       0.23 |       0.23 |       0.23
  Cache L1-D                         |            |            |            |            |            |            |            |            |            |            |            |            |            |            |            |           
    num cache accesses               |      54725 |      54647 |      55281 |      55582 |      55267 |      55484 |      55059 |      55441 |      55642 |      55282 |      55580 |      55162 |      54674 |      55564 |      54891 |      55185
    num cache misses                 |       3540 |       3206 |       3801 |       3986 |       3717 |       3763 |       3419 |       4060 |       4048 |       3803 |       3763 |       3578 |       3136 |       4045 |       3587 |       3328
    miss rate                        |      6.47% |      5.87% |      6.88% |      7.17% |      6.73% |      6.78% |      6.21% |      7.32% |      7.28% |      6.88% |      6.77% |      6.49% |      5.74% |      7.28% |      6.53% |      6.03%
    mpki                             |      33.95 |      30.83 |      35.98 |      37.50 |      35.25 |      35.49 |      32.57 |      38.32 |      38.08 |      36.03 |      35.41 |      34.00 |      30.14 |      38.14 |      34.30 |      31.57
  Cache L2                           |            |            |            |            |            |            |            |            |            |            |            |            |            |            |            |           
    num cache accesses               |       4703 |       4210 |       4894 |       5159 |       4879 |       4884 |       4473 |       5348 |       5360 |       5045 |       4950 |       4725 |       4092 |       5270 |       4722 |       4363
    num cache misses                 |       2928 |       2601 |       3049 |       3357 |       3091 |       3011 |       2805 |       3459 |       3171 |       3065 |       2974 |       2880 |       2566 |       3259 |       2866 |       2783
    miss rate                        |     62.26% |     61.78% |     62.30% |     65.07% |     63.35% |     61.65% |     62.71% |     64.68% |     59.16% |     60.75% |     60.08% |     60.95% |     62.71% |     61.84% |     60.69% |     63.79%
    mpki                             |      28.08 |      25.01 |      28.86 |      31.58 |      29.31 |      28.40 |      26.72 |      32.65 |      29.83 |      29.04 |      27.99 |      27.37 |      24.66 |      30.73 |      27.41 |      26.40
  Cache L3                           |            |            |            |            |            |            |            |            |            |            |            |            |            |            |            |           
    num cache accesses               |       3924 |       3462 |       4008 |       4386 |       4076 |       3965 |       3705 |       4583 |       4314 |       4134 |       3992 |       3868 |       3392 |       4290 |       3823 |       3651
    num cache misses                 |       2152 |       1945 |       2166 |       2431 |       2210 |       2190 |       2070 |       2603 |       2279 |       2296 |       2210 |       2134 |       1868 |       2259 |       2074 |       2011
    miss rate                        |     54.84% |     56.18% |     54.04% |     55.43% |     54.22% |     55.23% |     55.87% |     56.80% |     52.83% |     55.54% |     55.36% |     55.17% |     55.07% |     52.66% |     54.25% |     55.08%
    mpki                             |      20.64 |      18.70 |      20.51 |      22.87 |      20.96 |      20.65 |      19.72 |      24.57 |      21.44 |      21.75 |      20.80 |      20.28 |      17.95 |      21.30 |      19.83 |      19.08
DRAM summary                         |            |            |            |            |            |            |            |            |            |            |            |            |            |            |            |           
  num dram accesses                  |        130 |          0 |          0 |          0 |          0 |          0 |          0 |          0 |          0 |          0 |          0 |          0 |          0 |          0 |          0 |          0
  average dram access latency (ns)   |     295.38 |        inf |        inf |        inf |        inf |        inf |        inf |        inf |        inf |        inf |        inf |        inf |        inf |        inf |        inf |        inf
  average dram queueing delay        |     241.95 |       0.00 |       0.00 |       0.00 |       0.00 |       0.00 |       0.00 |       0.00 |       0.00 |       0.00 |       0.00 |       0.00 |       0.00 |       0.00 |       0.00 |       0.00
  average dram bandwidth utilization |      0.00% |      0.00% |      0.00% |      0.00% |      0.00% |      0.00% |      0.00% |      0.00% |      0.00% |      0.00% |      0.00% |      0.00% |      0.00% |      0.00% |      0.00% |      0.00%
Coherency Traffic                    |            |            |            |            |            |            |            |            |            |            |            |            |            |            |            |           
  num loads from dram                |          3 |          5 |          5 |          7 |          6 |          4 |          5 |          6 |          4 |          7 |          4 |          4 |          4 |          4 |          4 |          4
  num loads from dram cache          |          0 |          0 |          0 |          0 |          0 |          0 |          0 |          0 |          0 |          0 |          0 |          0 |          0 |          0 |          0 |          0
  num loads from remote cache        |       1144 |       1015 |       1135 |       1311 |       1173 |       1129 |       1083 |       1390 |       1257 |       1229 |       1166 |       1139 |       1012 |       1234 |       1129 |       1078
