                                     | Core 0     | Core 1     | Core 2     | Core 3     | Core 4     | Core 5     | Core 6     | Core 7     | Core 8     | Core 9     | Core 10    | Core 11    | Core 12    | Core 13    | Core 14    | Core 15   
  Instructions                       |    5363759 |    5142386 |    5374703 |    4356806 |    4991050 |    4312376 |    4809059 |    4417410 |    4331787 |    4356794 |    4121310 |    4975096 |    4964948 |    5036128 |    4709657 |    4909187
  Cycles                             |    4849316 |    4849316 |    4849316 |    4849316 |    4849316 |    4849316 |    4849316 |    4849316 |    4849316 |    4849316 |    4849316 |    4849316 |    4849316 |    4849316 |    4849316 |    4849316
  IPC                                |       1.11 |       1.06 |       1.11 |       0.90 |       1.03 |       0.89 |       0.99 |       0.91 |       0.89 |       0.90 |       0.85 |       1.03 |       1.02 |       1.04 |       0.97 |       1.01
  Time (ns)                          |    1823051 |    1823051 |    1823051 |    1823051 |    1823051 |    1823051 |    1823051 |    1823051 |    1823051 |    1823051 |    1823051 |    1823051 |    1823051 |    1823051 |    1823051 |    1823051
  Idle time (ns)                     |     201930 |     282371 |     208937 |     507323 |     130342 |     348420 |     177036 |     309810 |     326998 |     317059 |     396782 |      81993 |      83170 |      71745 |     172168 |      99423
  Idle time (%)                      |      11.1% |      15.5% |      11.5% |      27.8% |       7.1% |      19.1% |       9.7% |      17.0% |      17.9% |      17.4% |      21.8% |       4.5% |       4.6% |       3.9% |       9.4% |       5.5%
Branch predictor stats               |            |            |            |            |            |            |            |            |            |            |            |            |            |            |            |           
  num correct                        |    1307367 |    1252032 |    1310071 |    1055729 |    1214351 |    1044678 |    1168754 |    1070950 |    1049488 |    1055835 |     996829 |    1210343 |    1207776 |    1225584 |    1143974 |    1193809
  num incorrect                      |        566 |        546 |        592 |        461 |        407 |        422 |        507 |        398 |        449 |        369 |        488 |        441 |        448 |        456 |        431 |        483
  misprediction rate                 |      0.04% |      0.04% |      0.05% |      0.04% |      0.03% |      0.04% |      0.04% |      0.04% |      0.04% |      0.03% |      0.05% |      0.04% |      0.04% |      0.04% |      0.04% |      0.04%
  mpki                               |       0.11 |       0.11 |       0.11 |       0.11 |       0.08 |       0.10 |       0.11 |       0.09 |       0.10 |       0.08 |       0.12 |       0.09 |       0.09 |       0.09 |       0.09 |       0.10
TLB Summary                          |            |            |            |            |            |            |            |            |            |            |            |            |            |            |            |           
Cache Summary                        |            |            |            |            |            |            |            |            |            |            |            |            |            |            |            |           
  Cache L1-I                         |            |            |            |            |            |            |            |            |            |            |            |            |            |            |            |           
    num cache accesses               |      30020 |      30031 |      30022 |      30026 |      30023 |      30012 |      30022 |      30022 |      30026 |      30013 |      30023 |      30013 |      30024 |      30010 |      30026 |      30026
    num cache misses                 |         15 |         16 |         16 |         16 |         16 |         15 |         16 |         16 |         16 |         15 |         16 |         15 |         16 |         14 |         16 |         16
    miss rate                        |      0.05% |      0.05% |      0.05% |      0.05% |      0.05% |      0.05% |      0.05% |      0.05% |      0.05% |      0.05% |      0.05% |      0.05% |      0.05% |      0.05% |      0.05% |      0.05%
    mpki                             |       0.00 |       0.00 |       0.00 |       0.00 |       0.00 |       0.00 |       0.00 |       0.00 |       0.00 |       0.00 |       0.00 |       0.00 |       0.00 |       0.00 |       0.00 |       0.00
  Cache L1-D                         |            |            |            |            |            |            |            |            |            |            |            |            |            |            |            |           
    num cache accesses               |    2713900 |    2603203 |    2719367 |    2210424 |    2527545 |    2188224 |    2436552 |    2240726 |    2197915 |    2210428 |    2092671 |    2519582 |    2514498 |    2550103 |    2386851 |    2486619
    num cache misses                 |      15389 |      14409 |      15266 |      12321 |      15556 |      13456 |      15106 |      13784 |      13499 |      13712 |      12913 |      15735 |      16071 |      16187 |      15048 |      15899
    miss rate                        |      0.57% |      0.55% |      0.56% |      0.56% |      0.62% |      0.61% |      0.62% |      0.62% |      0.61% |      0.62% |      0.62% |      0.62% |      0.64% |      0.63% |      0.63% |      0.64%
    mpki                             |       2.87 |       2.80 |       2.84 |       2.83 |       3.12 |       3.12 |       3.14 |       3.12 |       3.12 |       3.15 |       3.13 |       3.16 |       3.24 |       3.21 |       3.20 |       3.24
  Cache L2                           |            |            |            |            |            |            |            |            |            |            |            |            |            |            |            |           
    num cache accesses               |      16516 |      15504 |      16352 |      13390 |      16661 |      14561 |      16187 |      14878 |      14647 |      14814 |      14021 |      16796 |      17220 |      17131 |      16153 |      16993
    num cache misses                 |      15404 |      14426 |      15283 |      12338 |      15572 |      13471 |      15122 |      13802 |      13515 |      13727 |      12929 |      15751 |      16087 |      16201 |      15064 |      15917
    miss rate                        |     93.27% |     93.05% |     93.46% |     92.14% |     93.46% |     92.51% |     93.42% |     92.77% |     92.27% |     92.66% |     92.21% |     93.78% |     93.42% |     94.57% |     93.26% |     93.67%
    mpki                             |       2.87 |       2.81 |       2.84 |       2.83 |       3.12 |       3.12 |       3.14 |       3.12 |       3.12 |       3.15 |       3.14 |       3.17 |       3.24 |       3.22 |       3.20 |       3.24
  Cache L3                           |            |            |            |            |            |            |            |            |            |            |            |            |            |            |            |           
    num cache accesses               |      16516 |      15504 |      16352 |      13390 |      16661 |      14561 |      16187 |      14878 |      14647 |      14814 |      14021 |      16796 |      17220 |      17131 |      16153 |      16993
    num cache misses                 |       9695 |       8936 |       9632 |       7618 |       9681 |       8171 |       9270 |       8442 |       7943 |       8156 |       7642 |      10370 |       9625 |       9626 |       9135 |       9524
    miss rate                        |     58.70% |     57.64% |     58.90% |     56.89% |     58.11% |     56.12% |     57.27% |     56.74% |     54.23% |     55.06% |     54.50% |     61.74% |     55.89% |     56.19% |     56.55% |     56.05%
    mpki                             |       1.81 |       1.74 |       1.79 |       1.75 |       1.94 |       1.89 |       1.93 |       1.91 |       1.83 |       1.87 |       1.85 |       2.08 |       1.94 |       1.91 |       1.94 |       1.94
DRAM summary                         |            |            |            |            |            |            |            |            |            |            |            |            |            |            |            |           
  num dram accesses                  |      34995 |          0 |          0 |          0 |          0 |          0 |          0 |          0 |          0 |          0 |          0 |          0 |          0 |          0 |          0 |          0
  average dram access latency (ns)   |      57.97 |        inf |        inf |        inf |        inf |        inf |        inf |        inf |        inf |        inf |        inf |        inf |        inf |        inf |        inf |        inf
  average dram queueing delay        |       4.54 |       0.00 |       0.00 |       0.00 |       0.00 |       0.00 |       0.00 |       0.00 |       0.00 |       0.00 |       0.00 |       0.00 |       0.00 |       0.00 |       0.00 |       0.00
  average dram bandwidth utilization |     16.00% |      0.00% |      0.00% |      0.00% |      0.00% |      0.00% |      0.00% |      0.00% |      0.00% |      0.00% |      0.00% |      0.00% |      0.00% |      0.00% |      0.00% |      0.00%
Coherency Traffic                    |            |            |            |            |            |            |            |            |            |            |            |            |            |            |            |           
  num loads from dram                |       2445 |       2238 |       2344 |       1789 |       4911 |       4287 |       4746 |       4433 |       4334 |       4406 |       4186 |       5520 |       5559 |       5553 |       5553 |       5511
  num loads from dram cache          |          0 |          0 |          0 |          0 |          0 |          0 |          0 |          0 |          0 |          0 |          0 |          0 |          0 |          0 |          0 |          0
  num loads from remote cache        |       5304 |       4837 |       5297 |       4272 |       2730 |       2228 |       2540 |       2296 |       1784 |       1874 |       1763 |       2745 |       2100 |       2103 |       1963 |       2068
