                                     | Core 0     | Core 1     | Core 2     | Core 3     | Core 4     | Core 5     | Core 6     | Core 7     | Core 8     | Core 9     | Core 10    | Core 11    | Core 12    | Core 13    | Core 14    | Core 15   
  Instructions                       |      85949 |     131109 |     142172 |      76137 |     138802 |     119226 |     128954 |     136173 |     133268 |     141044 |     124425 |     129219 |      98928 |     137154 |     147021 |     140016
  Cycles                             |     701898 |     701898 |     701898 |     701898 |     701898 |     701898 |     701898 |     701898 |     701898 |     701898 |     701898 |     701898 |     701898 |     701898 |     701898 |     701898
  IPC                                |       0.12 |       0.19 |       0.20 |       0.11 |       0.20 |       0.17 |       0.18 |       0.19 |       0.19 |       0.20 |       0.18 |       0.18 |       0.14 |       0.20 |       0.21 |       0.20
  Time (ns)                          |     263872 |     263872 |     263872 |     263872 |     263872 |     263872 |     263872 |     263872 |     263872 |     263872 |     263872 |     263872 |     263872 |     263872 |     263872 |     263872
  Idle time (ns)                     |     184527 |     109417 |      98586 |     208387 |      79081 |     111363 |      92568 |      80763 |      72879 |      75117 |      90504 |      88899 |     150722 |      85909 |      71735 |      78604
  Idle time (%)                      |      69.9% |      41.5% |      37.4% |      79.0% |      30.0% |      42.2% |      35.1% |      30.6% |      27.6% |      28.5% |      34.3% |      33.7% |      57.1% |      32.6% |      27.2% |      29.8%
Branch predictor stats               |            |            |            |            |            |            |            |            |            |            |            |            |            |            |            |           
  num correct                        |       7110 |      14558 |      16395 |       5494 |      15807 |      12578 |      14196 |      15369 |      14886 |      16191 |      13424 |      14213 |       9241 |      15558 |      17173 |      16025
  num incorrect                      |         55 |        129 |        142 |         37 |        164 |        135 |        138 |        159 |        168 |        159 |        147 |        165 |         89 |        148 |        172 |        158
  misprediction rate                 |      0.77% |      0.88% |      0.86% |      0.67% |      1.03% |      1.06% |      0.96% |      1.02% |      1.12% |      0.97% |      1.08% |      1.15% |      0.95% |      0.94% |      0.99% |      0.98%
  mpki                               |       0.64 |       0.98 |       1.00 |       0.49 |       1.18 |       1.13 |       1.07 |       1.17 |       1.26 |       1.13 |       1.18 |       1.28 |       0.90 |       1.08 |       1.17 |       1.13
TLB Summary                          |            |            |            |            |            |            |            |            |            |            |            |            |            |            |            |           
Cache Summary                        |            |            |            |            |            |            |            |            |            |            |            |            |            |            |            |           
  Cache L1-I                         |            |            |            |            |            |            |            |            |            |            |            |            |            |            |            |           
    num cache accesses               |      13017 |      13020 |      13020 |      13020 |      13012 |      13015 |      13020 |      13015 |      13015 |      13015 |      13015 |      13020 |      13012 |      13012 |      13018 |      13012
    num cache misses                 |         16 |         16 |         16 |         16 |         15 |         16 |         16 |         16 |         16 |         16 |         16 |         16 |         15 |         15 |         16 |         15
    miss rate                        |      0.12% |      0.12% |      0.12% |      0.12% |      0.12% |      0.12% |      0.12% |      0.12% |      0.12% |      0.12% |      0.12% |      0.12% |      0.12% |      0.12% |      0.12% |      0.12%
    mpki                             |       0.19 |       0.12 |       0.11 |       0.21 |       0.11 |       0.13 |       0.12 |       0.12 |       0.12 |       0.11 |       0.13 |       0.12 |       0.15 |       0.11 |       0.11 |       0.11
  Cache L1-D                         |            |            |            |            |            |            |            |            |            |            |            |            |            |            |            |           
    num cache accesses               |      52505 |      75070 |      80620 |      47602 |      78915 |      69155 |      74011 |      77600 |      76177 |      80065 |      71729 |      74143 |      58991 |      78119 |      83045 |      79550
    num cache misses                 |       2745 |       4994 |       5354 |       2082 |       5638 |       4503 |       5115 |       5219 |       5778 |       5595 |       5178 |       5251 |       3654 |       5349 |       5545 |       5463
    miss rate                        |      5.23% |      6.65% |      6.64% |      4.37% |      7.14% |      6.51% |      6.91% |      6.73% |      7.58% |      6.99% |      7.22% |      7.08% |      6.19% |      6.85% |      6.68% |      6.87%
    mpki                             |      31.94 |      38.09 |      37.66 |      27.35 |      40.62 |      37.77 |      39.67 |      38.33 |      43.36 |      39.67 |      41.62 |      40.64 |      36.94 |      39.00 |      37.72 |      39.02
  Cache L2                           |            |            |            |            |            |            |            |            |            |            |            |            |            |            |            |           
    num cache accesses               |       3076 |       5574 |       5986 |       2315 |       6155 |       4915 |       5623 |       5714 |       6336 |       6135 |       5708 |       5828 |       4000 |       5875 |       6133 |       6034
    num cache misses                 |       2762 |       5024 |       5382 |       2104 |       5655 |       4529 |       5141 |       5250 |       5797 |       5620 |       5210 |       5284 |       3670 |       5369 |       5573 |       5490
    miss rate                        |     89.79% |     90.13% |     89.91% |     90.89% |     91.88% |     92.15% |     91.43% |     91.88% |     91.49% |     91.61% |     91.28% |     90.67% |     91.75% |     91.39% |     90.87% |     90.98%
    mpki                             |      32.14 |      38.32 |      37.86 |      27.63 |      40.74 |      37.99 |      39.87 |      38.55 |      43.50 |      39.85 |      41.87 |      40.89 |      37.10 |      39.15 |      37.91 |      39.21
  Cache L3                           |            |            |            |            |            |            |            |            |            |            |            |            |            |            |            |           
    num cache accesses               |       3076 |       5574 |       5986 |       2315 |       6155 |       4915 |       5623 |       5714 |       6336 |       6135 |       5708 |       5828 |       4000 |       5875 |       6133 |       6034
    num cache misses                 |       1711 |       3367 |       3724 |       1395 |       3266 |       2778 |       3096 |       3224 |       3266 |       3440 |       3140 |       3243 |       2311 |       3366 |       3515 |       3537
    miss rate                        |     55.62% |     60.41% |     62.21% |     60.26% |     53.06% |     56.52% |     55.06% |     56.42% |     51.55% |     56.07% |     55.01% |     55.65% |     57.77% |     57.29% |     57.31% |     58.62%
    mpki                             |      19.91 |      25.68 |      26.19 |      18.32 |      23.53 |      23.30 |      24.01 |      23.68 |      24.51 |      24.39 |      25.24 |      25.10 |      23.36 |      24.54 |      23.91 |      25.26
DRAM summary                         |            |            |            |            |            |            |            |            |            |            |            |            |            |            |            |           
  num dram accesses                  |       1774 |          0 |          0 |          0 |          0 |          0 |          0 |          0 |          0 |          0 |          0 |          0 |          0 |          0 |          0 |          0
  average dram access latency (ns)   |      70.47 |        inf |        inf |        inf |        inf |        inf |        inf |        inf |        inf |        inf |        inf |        inf |        inf |        inf |        inf |        inf
  average dram queueing delay        |      17.05 |       0.00 |       0.00 |       0.00 |       0.00 |       0.00 |       0.00 |       0.00 |       0.00 |       0.00 |       0.00 |       0.00 |       0.00 |       0.00 |       0.00 |       0.00
  average dram bandwidth utilization |      5.00% |      0.00% |      0.00% |      0.00% |      0.00% |      0.00% |      0.00% |      0.00% |      0.00% |      0.00% |      0.00% |      0.00% |      0.00% |      0.00% |      0.00% |      0.00%
Coherency Traffic                    |            |            |            |            |            |            |            |            |            |            |            |            |            |            |            |           
  num loads from dram                |        101 |        193 |        187 |         73 |        194 |        170 |        207 |        207 |        172 |        173 |        174 |        177 |        104 |        164 |        192 |        188
  num loads from dram cache          |          0 |          0 |          0 |          0 |          0 |          0 |          0 |          0 |          0 |          0 |          0 |          0 |          0 |          0 |          0 |          0
  num loads from remote cache        |        639 |       1289 |       1354 |        429 |       1237 |       1080 |       1272 |       1272 |       1348 |       1413 |       1278 |       1333 |        780 |       1291 |       1390 |       1393
