                                     | Core 0     | Core 1     | Core 2     | Core 3     | Core 4     | Core 5     | Core 6     | Core 7     | Core 8     | Core 9     | Core 10    | Core 11    | Core 12    | Core 13    | Core 14    | Core 15   
  Instructions                       |     521502 |     506695 |     701170 |     578547 |     671177 |     653167 |     731680 |     599128 |     706169 |     722330 |     683967 |     554201 |     710118 |     682849 |     680422 |     699498
  Cycles                             |    1107330 |    1107330 |    1107330 |    1107330 |    1107330 |    1107330 |    1107330 |    1107330 |    1107330 |    1107330 |    1107330 |    1107330 |    1107330 |    1107330 |    1107330 |    1107330
  IPC                                |       0.47 |       0.46 |       0.63 |       0.52 |       0.61 |       0.59 |       0.66 |       0.54 |       0.64 |       0.65 |       0.62 |       0.50 |       0.64 |       0.62 |       0.61 |       0.63
  Time (ns)                          |     416290 |     416290 |     416290 |     416290 |     416290 |     416290 |     416290 |     416290 |     416290 |     416290 |     416290 |     416290 |     416290 |     416290 |     416290 |     416290
  Idle time (ns)                     |     210007 |     212080 |     127506 |     170355 |     104229 |     102445 |      72278 |     124867 |      84977 |      74156 |      88068 |     148707 |      71812 |      85733 |      92401 |      83242
  Idle time (%)                      |      50.4% |      50.9% |      30.6% |      40.9% |      25.0% |      24.6% |      17.4% |      30.0% |      20.4% |      17.8% |      21.2% |      35.7% |      17.3% |      20.6% |      22.2% |      20.0%
Branch predictor stats               |            |            |            |            |            |            |            |            |            |            |            |            |            |            |            |           
  num correct                        |     117456 |     113776 |     162267 |     131754 |     154925 |     150355 |     169985 |     136842 |     163592 |     167631 |     158085 |     125628 |     164619 |     157783 |     157202 |     161914
  num incorrect                      |        169 |        160 |        272 |        145 |        127 |        189 |        188 |        194 |        199 |        201 |        171 |        175 |        170 |        175 |        162 |        208
  misprediction rate                 |      0.14% |      0.14% |      0.17% |      0.11% |      0.08% |      0.13% |      0.11% |      0.14% |      0.12% |      0.12% |      0.11% |      0.14% |      0.10% |      0.11% |      0.10% |      0.13%
  mpki                               |       0.32 |       0.32 |       0.39 |       0.25 |       0.19 |       0.29 |       0.26 |       0.32 |       0.28 |       0.28 |       0.25 |       0.32 |       0.24 |       0.26 |       0.24 |       0.30
TLB Summary                          |            |            |            |            |            |            |            |            |            |            |            |            |            |            |            |           
Cache Summary                        |            |            |            |            |            |            |            |            |            |            |            |            |            |            |            |           
  Cache L1-I                         |            |            |            |            |            |            |            |            |            |            |            |            |            |            |            |           
    num cache accesses               |      12018 |      12012 |      12016 |      12012 |      12014 |      12014 |      12014 |      12013 |      12016 |      12016 |      12012 |      12016 |      12010 |      12021 |      12012 |      12012
    num cache misses                 |         15 |         15 |         15 |         15 |         15 |         15 |         15 |         15 |         15 |         15 |         15 |         15 |         14 |         15 |         15 |         15
    miss rate                        |      0.12% |      0.12% |      0.12% |      0.12% |      0.12% |      0.12% |      0.12% |      0.12% |      0.12% |      0.12% |      0.12% |      0.12% |      0.12% |      0.12% |      0.12% |      0.12%
    mpki                             |       0.03 |       0.03 |       0.02 |       0.03 |       0.02 |       0.02 |       0.02 |       0.03 |       0.02 |       0.02 |       0.02 |       0.03 |       0.02 |       0.02 |       0.02 |       0.02
  Cache L1-D                         |            |            |            |            |            |            |            |            |            |            |            |            |            |            |            |           
    num cache accesses               |     270279 |     262889 |     360119 |     298815 |     345127 |     336119 |     375376 |     309095 |     362620 |     370701 |     351526 |     286639 |     364599 |     350952 |     349750 |     359269
    num cache misses                 |       3530 |       3457 |       4763 |       4128 |       4597 |       4807 |       5140 |       4444 |       4931 |       5052 |       4849 |       3969 |       5051 |       4943 |       4759 |       4904
    miss rate                        |      1.31% |      1.32% |      1.32% |      1.38% |      1.33% |      1.43% |      1.37% |      1.44% |      1.36% |      1.36% |      1.38% |      1.38% |      1.39% |      1.41% |      1.36% |      1.36%
    mpki                             |       6.77 |       6.82 |       6.79 |       7.14 |       6.85 |       7.36 |       7.02 |       7.42 |       6.98 |       6.99 |       7.09 |       7.16 |       7.11 |       7.24 |       6.99 |       7.01
  Cache L2                           |            |            |            |            |            |            |            |            |            |            |            |            |            |            |            |           
    num cache accesses               |       4146 |       4089 |       5379 |       4671 |       5337 |       5512 |       5720 |       5105 |       5549 |       5646 |       5612 |       4638 |       5613 |       5598 |       5396 |       5574
    num cache misses                 |       3545 |       3473 |       4780 |       4146 |       4612 |       4823 |       5156 |       4461 |       4946 |       5068 |       4864 |       3984 |       5065 |       4960 |       4775 |       4923
    miss rate                        |     85.50% |     84.94% |     88.86% |     88.76% |     86.42% |     87.50% |     90.14% |     87.38% |     89.13% |     89.76% |     86.67% |     85.90% |     90.24% |     88.60% |     88.49% |     88.32%
    mpki                             |       6.80 |       6.85 |       6.82 |       7.17 |       6.87 |       7.38 |       7.05 |       7.45 |       7.00 |       7.02 |       7.11 |       7.19 |       7.13 |       7.26 |       7.02 |       7.04
  Cache L3                           |            |            |            |            |            |            |            |            |            |            |            |            |            |            |            |           
    num cache accesses               |       4146 |       4089 |       5379 |       4671 |       5337 |       5512 |       5720 |       5105 |       5549 |       5646 |       5612 |       4638 |       5613 |       5598 |       5396 |       5574
    num cache misses                 |       2330 |       2311 |       3463 |       2815 |       2906 |       3168 |       3465 |       2979 |       3237 |       3456 |       3272 |       2655 |       3223 |       3171 |       3119 |       3128
    miss rate                        |     56.20% |     56.52% |     64.38% |     60.27% |     54.45% |     57.47% |     60.58% |     58.35% |     58.33% |     61.21% |     58.30% |     57.24% |     57.42% |     56.65% |     57.80% |     56.12%
    mpki                             |       4.47 |       4.56 |       4.94 |       4.87 |       4.33 |       4.85 |       4.74 |       4.97 |       4.58 |       4.78 |       4.78 |       4.79 |       4.54 |       4.64 |       4.58 |       4.47
DRAM summary                         |            |            |            |            |            |            |            |            |            |            |            |            |            |            |            |           
  num dram accesses                  |      10476 |          0 |          0 |          0 |          0 |          0 |          0 |          0 |          0 |          0 |          0 |          0 |          0 |          0 |          0 |          0
  average dram access latency (ns)   |      62.04 |        inf |        inf |        inf |        inf |        inf |        inf |        inf |        inf |        inf |        inf |        inf |        inf |        inf |        inf |        inf
  average dram queueing delay        |       8.61 |       0.00 |       0.00 |       0.00 |       0.00 |       0.00 |       0.00 |       0.00 |       0.00 |       0.00 |       0.00 |       0.00 |       0.00 |       0.00 |       0.00 |       0.00
  average dram bandwidth utilization |     21.00% |      0.00% |      0.00% |      0.00% |      0.00% |      0.00% |      0.00% |      0.00% |      0.00% |      0.00% |      0.00% |      0.00% |      0.00% |      0.00% |      0.00% |      0.00%
Coherency Traffic                    |            |            |            |            |            |            |            |            |            |            |            |            |            |            |            |           
  num loads from dram                |        421 |        467 |        856 |        598 |       1178 |       1236 |       1357 |       1157 |       1320 |       1375 |       1300 |       1075 |       1415 |       1374 |       1377 |       1339
  num loads from dram cache          |          0 |          0 |          0 |          0 |          0 |          0 |          0 |          0 |          0 |          0 |          0 |          0 |          0 |          0 |          0 |          0
  num loads from remote cache        |       1205 |       1152 |       1687 |       1439 |       1005 |       1095 |       1247 |       1006 |       1105 |       1190 |       1147 |        828 |       1066 |       1017 |        988 |        966
