                                     | Core 0     | Core 1     | Core 2     | Core 3     | Core 4     | Core 5     | Core 6     | Core 7     | Core 8     | Core 9     | Core 10    | Core 11    | Core 12    | Core 13    | Core 14    | Core 15   
  Instructions                       |    1405827 |    1405686 |    1405712 |    1405567 |    1406238 |    1406455 |    1406428 |    1404677 |    1405494 |    1405587 |    1406144 |    1404859 |    1404738 |    1406039 |    1405016 |    1405665
  Cycles                             |  103228344 |  103228344 |  103228344 |  103228344 |  103228344 |  103228344 |  103228344 |  103228344 |  103228344 |  103228344 |  103228344 |  103228344 |  103228344 |  103228344 |  103228344 |  103228344
  IPC                                |       0.01 |       0.01 |       0.01 |       0.01 |       0.01 |       0.01 |       0.01 |       0.01 |       0.01 |       0.01 |       0.01 |       0.01 |       0.01 |       0.01 |       0.01 |       0.01
  Time (ns)                          |   38807648 |   38807648 |   38807648 |   38807648 |   38807648 |   38807648 |   38807648 |   38807648 |   38807648 |   38807648 |   38807648 |   38807648 |   38807648 |   38807648 |   38807648 |   38807648
  Idle time (ns)                     |   37369491 |   37367996 |   37370057 |   37367753 |   37355908 |   37355287 |   37351898 |   37360264 |   37359093 |   37358926 |   37357873 |   37361445 |   37359012 |   37353712 |   37358054 |   37355351
  Idle time (%)                      |      96.3% |      96.3% |      96.3% |      96.3% |      96.3% |      96.3% |      96.2% |      96.3% |      96.3% |      96.3% |      96.3% |      96.3% |      96.3% |      96.3% |      96.3% |      96.3%
Branch predictor stats               |            |            |            |            |            |            |            |            |            |            |            |            |            |            |            |           
  num correct                        |     110448 |     110387 |     110427 |     110385 |     110399 |     110456 |     110416 |     110295 |     110381 |     110432 |     110415 |     110367 |     110485 |     110387 |     110309 |     110435
  num incorrect                      |        911 |        951 |        912 |        940 |       1009 |        973 |       1018 |        922 |        936 |        901 |        978 |        864 |        924 |        996 |        931 |        912
  misprediction rate                 |      0.82% |      0.85% |      0.82% |      0.84% |      0.91% |      0.87% |      0.91% |      0.83% |      0.84% |      0.81% |      0.88% |      0.78% |      0.83% |      0.89% |      0.84% |      0.82%
  mpki                               |       0.65 |       0.68 |       0.65 |       0.67 |       0.72 |       0.69 |       0.72 |       0.66 |       0.67 |       0.64 |       0.70 |       0.62 |       0.66 |       0.71 |       0.66 |       0.65
TLB Summary                          |            |            |            |            |            |            |            |            |            |            |            |            |            |            |            |           
Cache Summary                        |            |            |            |            |            |            |            |            |            |            |            |            |            |            |            |           
  Cache L1-I                         |            |            |            |            |            |            |            |            |            |            |            |            |            |            |            |           
    num cache accesses               |      20035 |      20045 |      20029 |      20033 |      20068 |      20098 |      20075 |      19972 |      20027 |      20017 |      20074 |      20008 |      19790 |      20058 |      20029 |      20009
    num cache misses                 |         24 |         24 |         25 |         24 |         24 |         24 |         24 |         24 |         24 |         25 |         24 |         24 |         23 |         25 |         25 |         24
    miss rate                        |      0.12% |      0.12% |      0.12% |      0.12% |      0.12% |      0.12% |      0.12% |      0.12% |      0.12% |      0.12% |      0.12% |      0.12% |      0.12% |      0.12% |      0.12% |      0.12%
    mpki                             |       0.02 |       0.02 |       0.02 |       0.02 |       0.02 |       0.02 |       0.02 |       0.02 |       0.02 |       0.02 |       0.02 |       0.02 |       0.02 |       0.02 |       0.02 |       0.02
  Cache L1-D                         |            |            |            |            |            |            |            |            |            |            |            |            |            |            |            |           
    num cache accesses               |     952098 |     952062 |     952047 |     952019 |     952236 |     952318 |     952294 |     951726 |     951996 |     952018 |     952214 |     951802 |     951469 |     952179 |     951849 |     952032
    num cache misses                 |       3454 |       3451 |       3446 |       3432 |       3496 |       3510 |       3523 |       3270 |       3361 |       3377 |       3498 |       3298 |       3323 |       3463 |       3322 |       3442
    miss rate                        |      0.36% |      0.36% |      0.36% |      0.36% |      0.37% |      0.37% |      0.37% |      0.34% |      0.35% |      0.35% |      0.37% |      0.35% |      0.35% |      0.36% |      0.35% |      0.36%
    mpki                             |       2.46 |       2.46 |       2.45 |       2.44 |       2.49 |       2.50 |       2.50 |       2.33 |       2.39 |       2.40 |       2.49 |       2.35 |       2.37 |       2.46 |       2.36 |       2.45
  Cache L2                           |            |            |            |            |            |            |            |            |            |            |            |            |            |            |            |           
    num cache accesses               |       4238 |       4246 |       4231 |       4213 |       4338 |       4362 |       4372 |       4032 |       4137 |       4209 |       4357 |       4082 |       4070 |       4303 |       4100 |       4244
    num cache misses                 |       3478 |       3475 |       3471 |       3457 |       3520 |       3534 |       3547 |       3294 |       3385 |       3402 |       3522 |       3323 |       3346 |       3488 |       3347 |       3466
    miss rate                        |     82.07% |     81.84% |     82.04% |     82.06% |     81.14% |     81.02% |     81.13% |     81.70% |     81.82% |     80.83% |     80.84% |     81.41% |     82.21% |     81.06% |     81.63% |     81.67%
    mpki                             |       2.47 |       2.47 |       2.47 |       2.46 |       2.50 |       2.51 |       2.52 |       2.35 |       2.41 |       2.42 |       2.50 |       2.37 |       2.38 |       2.48 |       2.38 |       2.47
  Cache L3                           |            |            |            |            |            |            |            |            |            |            |            |            |            |            |            |           
    num cache accesses               |       4238 |       4246 |       4231 |       4213 |       4338 |       4362 |       4372 |       4032 |       4137 |       4209 |       4357 |       4082 |       4070 |       4303 |       4100 |       4244
    num cache misses                 |       2933 |       2948 |       2929 |       2905 |       2958 |       2932 |       2967 |       2814 |       2880 |       2882 |       3020 |       2836 |       2825 |       2975 |       2872 |       2965
    miss rate                        |     69.21% |     69.43% |     69.23% |     68.95% |     68.19% |     67.22% |     67.86% |     69.79% |     69.62% |     68.47% |     69.31% |     69.48% |     69.41% |     69.14% |     70.05% |     69.86%
    mpki                             |       2.09 |       2.10 |       2.08 |       2.07 |       2.10 |       2.08 |       2.11 |       2.00 |       2.05 |       2.05 |       2.15 |       2.02 |       2.01 |       2.12 |       2.04 |       2.11
DRAM summary                         |            |            |            |            |            |            |            |            |            |            |            |            |            |            |            |           
  num dram accesses                  |        218 |          0 |          0 |          0 |          0 |          0 |          0 |          0 |          0 |          0 |          0 |          0 |          0 |          0 |          0 |          0
  average dram access latency (ns)   |     297.73 |        inf |        inf |        inf |        inf |        inf |        inf |        inf |        inf |        inf |        inf |        inf |        inf |        inf |        inf |        inf
  average dram queueing delay        |     244.31 |       0.00 |       0.00 |       0.00 |       0.00 |       0.00 |       0.00 |       0.00 |       0.00 |       0.00 |       0.00 |       0.00 |       0.00 |       0.00 |       0.00 |       0.00
  average dram bandwidth utilization |      0.00% |      0.00% |      0.00% |      0.00% |      0.00% |      0.00% |      0.00% |      0.00% |      0.00% |      0.00% |      0.00% |      0.00% |      0.00% |      0.00% |      0.00% |      0.00%
Coherency Traffic                    |            |            |            |            |            |            |            |            |            |            |            |            |            |            |            |           
  num loads from dram                |          6 |          7 |         10 |          6 |         13 |          6 |          9 |         10 |          6 |          4 |         10 |          4 |         10 |         10 |          9 |         12
  num loads from dram cache          |          0 |          0 |          0 |          0 |          0 |          0 |          0 |          0 |          0 |          0 |          0 |          0 |          0 |          0 |          0 |          0
  num loads from remote cache        |       1480 |       1490 |       1488 |       1494 |       1509 |       1513 |       1495 |       1441 |       1473 |       1468 |       1518 |       1457 |       1404 |       1501 |       1464 |       1495
