                                     | Core 0     | Core 1     | Core 2     | Core 3     | Core 4     | Core 5     | Core 6     | Core 7     | Core 8     | Core 9     | Core 10    | Core 11    | Core 12    | Core 13    | Core 14    | Core 15   
  Instructions                       |     232672 |     232557 |     232554 |     232995 |     232454 |     232508 |     232380 |     231676 |     232539 |     232061 |     232094 |     232680 |     232193 |     232409 |     232800 |     233498
  Cycles                             |   12052681 |   12052681 |   12052681 |   12052681 |   12052681 |   12052681 |   12052681 |   12052681 |   12052681 |   12052681 |   12052681 |   12052681 |   12052681 |   12052681 |   12052681 |   12052681
  IPC                                |       0.02 |       0.02 |       0.02 |       0.02 |       0.02 |       0.02 |       0.02 |       0.02 |       0.02 |       0.02 |       0.02 |       0.02 |       0.02 |       0.02 |       0.02 |       0.02
  Time (ns)                          |    4531083 |    4531083 |    4531083 |    4531083 |    4531083 |    4531083 |    4531083 |    4531083 |    4531083 |    4531083 |    4531083 |    4531083 |    4531083 |    4531083 |    4531083 |    4531083
  Idle time (ns)                     |    4337197 |    4337208 |    4335666 |    4335616 |    4338595 |    4334981 |    4336580 |    4335918 |    4336087 |    4336854 |    4338477 |    4335851 |    4338814 |    4336048 |    4336966 |    4335084
  Idle time (%)                      |      95.7% |      95.7% |      95.7% |      95.7% |      95.8% |      95.7% |      95.7% |      95.7% |      95.7% |      95.7% |      95.7% |      95.7% |      95.8% |      95.7% |      95.7% |      95.7%
Branch predictor stats               |            |            |            |            |            |            |            |            |            |            |            |            |            |            |            |           
  num correct                        |      20200 |      20241 |      20227 |      20170 |      20226 |      20204 |      20227 |      20151 |      20095 |      20118 |      20094 |      20162 |      20175 |      20142 |      20194 |      20182
  num incorrect                      |       1242 |       1226 |       1233 |       1298 |       1209 |       1266 |       1188 |       1233 |       1335 |       1299 |       1254 |       1294 |       1234 |       1320 |       1289 |       1316
  misprediction rate                 |      5.79% |      5.71% |      5.75% |      6.05% |      5.64% |      5.90% |      5.55% |      5.77% |      6.23% |      6.07% |      5.87% |      6.03% |      5.76% |      6.15% |      6.00% |      6.12%
  mpki                               |       5.34 |       5.27 |       5.30 |       5.57 |       5.20 |       5.44 |       5.11 |       5.32 |       5.74 |       5.60 |       5.40 |       5.56 |       5.31 |       5.68 |       5.54 |       5.64
TLB Summary                          |            |            |            |            |            |            |            |            |            |            |            |            |            |            |            |           
Cache Summary                        |            |            |            |            |            |            |            |            |            |            |            |            |            |            |            |           
  Cache L1-I                         |            |            |            |            |            |            |            |            |            |            |            |            |            |            |            |           
    num cache accesses               |      19628 |      19599 |      19600 |      19663 |      19632 |      19587 |      19618 |      19503 |      19644 |      19556 |      19626 |      19642 |      19584 |      19568 |      19625 |      19746
    num cache misses                 |         24 |         24 |         24 |         25 |         24 |         23 |         24 |         25 |         24 |         24 |         24 |         24 |         24 |         24 |         24 |         24
    miss rate                        |      0.12% |      0.12% |      0.12% |      0.13% |      0.12% |      0.12% |      0.12% |      0.13% |      0.12% |      0.12% |      0.12% |      0.12% |      0.12% |      0.12% |      0.12% |      0.12%
    mpki                             |       0.10 |       0.10 |       0.10 |       0.11 |       0.10 |       0.10 |       0.10 |       0.11 |       0.10 |       0.10 |       0.10 |       0.10 |       0.10 |       0.10 |       0.10 |       0.10
  Cache L1-D                         |            |            |            |            |            |            |            |            |            |            |            |            |            |            |            |           
    num cache accesses               |     140456 |     140369 |     140377 |     140597 |     140374 |     140354 |     140350 |     140037 |     140420 |     140189 |     140296 |     140452 |     140242 |     140307 |     140464 |     140809
    num cache misses                 |       4570 |       4398 |       4464 |       4468 |       4354 |       4325 |       4350 |       4339 |       4360 |       4223 |       4251 |       4359 |       4191 |       4362 |       4221 |       4361
    miss rate                        |      3.25% |      3.13% |      3.18% |      3.18% |      3.10% |      3.08% |      3.10% |      3.10% |      3.10% |      3.01% |      3.03% |      3.10% |      2.99% |      3.11% |      3.01% |      3.10%
    mpki                             |      19.64 |      18.91 |      19.20 |      19.18 |      18.73 |      18.60 |      18.72 |      18.73 |      18.75 |      18.20 |      18.32 |      18.73 |      18.05 |      18.77 |      18.13 |      18.68
  Cache L2                           |            |            |            |            |            |            |            |            |            |            |            |            |            |            |            |           
    num cache accesses               |       5850 |       5614 |       5736 |       5769 |       5619 |       5574 |       5632 |       5571 |       5678 |       5456 |       5534 |       5616 |       5478 |       5635 |       5413 |       5664
    num cache misses                 |       3619 |       3507 |       3578 |       3588 |       3523 |       3481 |       3540 |       3511 |       3486 |       3395 |       3391 |       3439 |       3367 |       3487 |       3397 |       3437
    miss rate                        |     61.86% |     62.47% |     62.38% |     62.19% |     62.70% |     62.45% |     62.86% |     63.02% |     61.39% |     62.23% |     61.28% |     61.24% |     61.46% |     61.88% |     62.76% |     60.68%
    mpki                             |      15.55 |      15.08 |      15.39 |      15.40 |      15.16 |      14.97 |      15.23 |      15.15 |      14.99 |      14.63 |      14.61 |      14.78 |      14.50 |      15.00 |      14.59 |      14.72
  Cache L3                           |            |            |            |            |            |            |            |            |            |            |            |            |            |            |            |           
    num cache accesses               |       4767 |       4576 |       4704 |       4751 |       4651 |       4587 |       4719 |       4614 |       4667 |       4482 |       4553 |       4549 |       4526 |       4651 |       4467 |       4601
    num cache misses                 |       2654 |       2477 |       2571 |       2626 |       2475 |       2533 |       2590 |       2533 |       2456 |       2425 |       2478 |       2461 |       2388 |       2484 |       2381 |       2512
    miss rate                        |     55.67% |     54.13% |     54.66% |     55.27% |     53.21% |     55.22% |     54.88% |     54.90% |     52.62% |     54.11% |     54.43% |     54.10% |     52.76% |     53.41% |     53.30% |     54.60%
    mpki                             |      11.41 |      10.65 |      11.06 |      11.27 |      10.65 |      10.89 |      11.15 |      10.93 |      10.56 |      10.45 |      10.68 |      10.58 |      10.28 |      10.69 |      10.23 |      10.76
DRAM summary                         |            |            |            |            |            |            |            |            |            |            |            |            |            |            |            |           
  num dram accesses                  |        130 |          0 |          0 |          0 |          0 |          0 |          0 |          0 |          0 |          0 |          0 |          0 |          0 |          0 |          0 |          0
  average dram access latency (ns)   |     342.06 |        inf |        inf |        inf |        inf |        inf |        inf |        inf |        inf |        inf |        inf |        inf |        inf |        inf |        inf |        inf
  average dram queueing delay        |     288.63 |       0.00 |       0.00 |       0.00 |       0.00 |       0.00 |       0.00 |       0.00 |       0.00 |       0.00 |       0.00 |       0.00 |       0.00 |       0.00 |       0.00 |       0.00
  average dram bandwidth utilization |      0.00% |      0.00% |      0.00% |      0.00% |      0.00% |      0.00% |      0.00% |      0.00% |      0.00% |      0.00% |      0.00% |      0.00% |      0.00% |      0.00% |      0.00% |      0.00%
Coherency Traffic                    |            |            |            |            |            |            |            |            |            |            |            |            |            |            |            |           
  num loads from dram                |          4 |          5 |          7 |          6 |          8 |          4 |          4 |          8 |          4 |          4 |          4 |          4 |          4 |          4 |          4 |          4
  num loads from dram cache          |          0 |          0 |          0 |          0 |          0 |          0 |          0 |          0 |          0 |          0 |          0 |          0 |          0 |          0 |          0 |          0
  num loads from remote cache        |       1491 |       1439 |       1500 |       1548 |       1488 |       1495 |       1541 |       1484 |       1483 |       1412 |       1480 |       1474 |       1434 |       1459 |       1388 |       1498
