                                     | Core 0     | Core 1     | Core 2     | Core 3     | Core 4     | Core 5     | Core 6     | Core 7     | Core 8     | Core 9     | Core 10    | Core 11    | Core 12    | Core 13    | Core 14    | Core 15   
  Instructions                       |    4754715 |    5178890 |    2389925 |    5151137 |    4525979 |    4506843 |    4943224 |    4543122 |    4598707 |    4979651 |    4925787 |    4714725 |    4986584 |    4127904 |    4678513 |    4940351
  Cycles                             |    4398328 |    4398328 |    4398328 |    4398328 |    4398328 |    4398328 |    4398328 |    4398328 |    4398328 |    4398328 |    4398328 |    4398328 |    4398328 |    4398328 |    4398328 |    4398328
  IPC                                |       1.08 |       1.18 |       0.54 |       1.17 |       1.03 |       1.02 |       1.12 |       1.03 |       1.05 |       1.13 |       1.12 |       1.07 |       1.13 |       0.94 |       1.06 |       1.12
  Time (ns)                          |    1653507 |    1653507 |    1653507 |    1653507 |    1653507 |    1653507 |    1653507 |    1653507 |    1653507 |    1653507 |    1653507 |    1653507 |    1653507 |    1653507 |    1653507 |    1653507
  Idle time (ns)                     |     269794 |     138060 |     944557 |     160140 |     243098 |     258933 |      71815 |     246647 |     212067 |      72230 |     115483 |     189497 |      75273 |     355251 |     173470 |      99235
  Idle time (%)                      |      16.3% |       8.3% |      57.1% |       9.7% |      14.7% |      15.7% |       4.3% |      14.9% |      12.8% |       4.4% |       7.0% |      11.5% |       4.6% |      21.5% |      10.5% |       6.0%
Branch predictor stats               |            |            |            |            |            |            |            |            |            |            |            |            |            |            |            |           
  num correct                        |    1155334 |    1261323 |     564181 |    1254323 |    1098061 |    1093345 |    1202371 |    1102340 |    1116258 |    1211535 |    1198037 |    1145271 |    1213225 |     998634 |    1136243 |    1201610
  num incorrect                      |        344 |        408 |        302 |        472 |        425 |        375 |        434 |        437 |        425 |        387 |        416 |        410 |        422 |        346 |        396 |        475
  misprediction rate                 |      0.03% |      0.03% |      0.05% |      0.04% |      0.04% |      0.03% |      0.04% |      0.04% |      0.04% |      0.03% |      0.03% |      0.04% |      0.03% |      0.03% |      0.03% |      0.04%
  mpki                               |       0.07 |       0.08 |       0.13 |       0.09 |       0.09 |       0.08 |       0.09 |       0.10 |       0.09 |       0.08 |       0.08 |       0.09 |       0.08 |       0.08 |       0.08 |       0.10
TLB Summary                          |            |            |            |            |            |            |            |            |            |            |            |            |            |            |            |           
Cache Summary                        |            |            |            |            |            |            |            |            |            |            |            |            |            |            |            |           
  Cache L1-I                         |            |            |            |            |            |            |            |            |            |            |            |            |            |            |            |           
    num cache accesses               |      30018 |      30012 |      30016 |      30012 |      30021 |      30012 |      30014 |      30021 |      30012 |      30012 |      30012 |      30017 |      30016 |      30016 |      30012 |      30016
    num cache misses                 |         15 |         15 |         15 |         15 |         15 |         15 |         14 |         15 |         15 |         15 |         15 |         15 |         15 |         15 |         15 |         15
    miss rate                        |      0.05% |      0.05% |      0.05% |      0.05% |      0.05% |      0.05% |      0.05% |      0.05% |      0.05% |      0.05% |      0.05% |      0.05% |      0.05% |      0.05% |      0.05% |      0.05%
    mpki                             |       0.00 |       0.00 |       0.01 |       0.00 |       0.00 |       0.00 |       0.00 |       0.00 |       0.00 |       0.00 |       0.00 |       0.00 |       0.00 |       0.00 |       0.00 |       0.00
  Cache L1-D                         |            |            |            |            |            |            |            |            |            |            |            |            |            |            |            |           
    num cache accesses               |    2409386 |    2621484 |    1227000 |    2607609 |    2295014 |    2285461 |    2503649 |    2303589 |    2331391 |    2521865 |    2494931 |    2389396 |    2525329 |    2095987 |    2371293 |    2502210
    num cache misses                 |      14928 |      16644 |       7442 |      16216 |      14499 |      14258 |      16286 |      14430 |      14725 |      16447 |      15894 |      14856 |      16569 |      13106 |      15244 |      16216
    miss rate                        |      0.62% |      0.63% |      0.61% |      0.62% |      0.63% |      0.62% |      0.65% |      0.63% |      0.63% |      0.65% |      0.64% |      0.62% |      0.66% |      0.63% |      0.64% |      0.65%
    mpki                             |       3.14 |       3.21 |       3.11 |       3.15 |       3.20 |       3.16 |       3.29 |       3.18 |       3.20 |       3.30 |       3.23 |       3.15 |       3.32 |       3.17 |       3.26 |       3.28
  Cache L2                           |            |            |            |            |            |            |            |            |            |            |            |            |            |            |            |           
    num cache accesses               |      16017 |      17755 |       8534 |      17304 |      15651 |      15386 |      17355 |      15522 |      15880 |      17549 |      17041 |      15915 |      17696 |      14229 |      16338 |      17313
    num cache misses                 |       9536 |      10833 |       4658 |      10478 |       8731 |       8525 |      10485 |       8597 |       8951 |      10329 |       9729 |       8987 |      10208 |       7931 |       9303 |       9957
    miss rate                        |     59.54% |     61.01% |     54.58% |     60.55% |     55.79% |     55.41% |     60.41% |     55.39% |     56.37% |     58.86% |     57.09% |     56.47% |     57.69% |     55.74% |     56.94% |     57.51%
    mpki                             |       2.01 |       2.09 |       1.95 |       2.03 |       1.93 |       1.89 |       2.12 |       1.89 |       1.95 |       2.07 |       1.98 |       1.91 |       2.05 |       1.92 |       1.99 |       2.02
  Cache L3                           |            |            |            |            |            |            |            |            |            |            |            |            |            |            |            |           
    num cache accesses               |      10641 |      12056 |       5752 |      11623 |       9887 |       9695 |      11590 |       9763 |      10127 |      11454 |      10955 |      10131 |      11396 |       9067 |      10458 |      11179
    num cache misses                 |       9509 |      10807 |       4645 |      10447 |       8705 |       8513 |      10465 |       8579 |       8932 |      10291 |       9713 |       8964 |      10186 |       7912 |       9284 |       9932
    miss rate                        |     89.36% |     89.64% |     80.75% |     89.88% |     88.04% |     87.81% |     90.29% |     87.87% |     88.20% |     89.85% |     88.66% |     88.48% |     89.38% |     87.26% |     88.77% |     88.85%
    mpki                             |       2.00 |       2.09 |       1.94 |       2.03 |       1.92 |       1.89 |       2.12 |       1.89 |       1.94 |       2.07 |       1.97 |       1.90 |       2.04 |       1.92 |       1.98 |       2.01
DRAM summary                         |            |            |            |            |            |            |            |            |            |            |            |            |            |            |            |           
  num dram accesses                  |      39592 |          0 |          0 |          0 |          0 |          0 |          0 |          0 |          0 |          0 |          0 |          0 |          0 |          0 |          0 |          0
  average dram access latency (ns)   |      58.37 |        inf |        inf |        inf |        inf |        inf |        inf |        inf |        inf |        inf |        inf |        inf |        inf |        inf |        inf |        inf
  average dram queueing delay        |       4.94 |       0.00 |       0.00 |       0.00 |       0.00 |       0.00 |       0.00 |       0.00 |       0.00 |       0.00 |       0.00 |       0.00 |       0.00 |       0.00 |       0.00 |       0.00
  average dram bandwidth utilization |     20.00% |      0.00% |      0.00% |      0.00% |      0.00% |      0.00% |      0.00% |      0.00% |      0.00% |      0.00% |      0.00% |      0.00% |      0.00% |      0.00% |      0.00% |      0.00%
Coherency Traffic                    |            |            |            |            |            |            |            |            |            |            |            |            |            |            |            |           
  num loads from dram                |       1897 |       2063 |        728 |       2107 |       2546 |       2398 |       3207 |       2274 |       2764 |       2921 |       2722 |       2391 |       3238 |       2447 |       2704 |       2680
  num loads from dram cache          |          0 |          0 |          0 |          0 |          0 |          0 |          0 |          0 |          0 |          0 |          0 |          0 |          0 |          0 |          0 |          0
  num loads from remote cache        |       2593 |       2949 |       1173 |       2652 |       1397 |       1284 |       1962 |       1230 |       1400 |       1799 |       1502 |       1225 |       1773 |       1119 |       1340 |       1498
