                                     | Core 0     | Core 1     | Core 2     | Core 3     | Core 4     | Core 5     | Core 6     | Core 7     | Core 8     | Core 9     | Core 10    | Core 11    | Core 12    | Core 13    | Core 14    | Core 15   
  Instructions                       |    5465685 |    4971468 |    5850916 |    5829103 |    5296931 |    5365379 |    4865391 |    4387515 |    4660106 |    5058427 |    4955691 |    5292607 |    4937747 |    3983507 |    5203749 |    4500479
  Cycles                             |    4455104 |    4455104 |    4455104 |    4455104 |    4455104 |    4455104 |    4455104 |    4455104 |    4455104 |    4455104 |    4455104 |    4455104 |    4455104 |    4455104 |    4455104 |    4455104
  IPC                                |       1.23 |       1.12 |       1.31 |       1.31 |       1.19 |       1.20 |       1.09 |       0.98 |       1.05 |       1.14 |       1.11 |       1.19 |       1.11 |       0.89 |       1.17 |       1.01
  Time (ns)                          |    1674851 |    1674851 |    1674851 |    1674851 |    1674851 |    1674851 |    1674851 |    1674851 |    1674851 |    1674851 |    1674851 |    1674851 |    1674851 |    1674851 |    1674851 |    1674851
  Idle time (ns)                     |     221465 |     358356 |      94298 |     108809 |      84423 |      75508 |     222487 |     367507 |     284643 |     158787 |     194148 |      77040 |     180004 |     467859 |      71724 |     304865
  Idle time (%)                      |      13.2% |      21.4% |       5.6% |       6.5% |       5.0% |       4.5% |      13.3% |      21.9% |      17.0% |       9.5% |      11.6% |       4.6% |      10.7% |      27.9% |       4.3% |      18.2%
Branch predictor stats               |            |            |            |            |            |            |            |            |            |            |            |            |            |            |            |           
  num correct                        |    1332713 |    1209265 |    1428995 |    1423570 |    1290541 |    1307683 |    1182740 |    1063147 |    1131375 |    1230867 |    1205262 |    1289424 |    1200700 |     962165 |    1267242 |    1091388
  num incorrect                      |        450 |        352 |        470 |        454 |        437 |        407 |        345 |        473 |        400 |        479 |        410 |        463 |        481 |        452 |        431 |        473
  misprediction rate                 |      0.03% |      0.03% |      0.03% |      0.03% |      0.03% |      0.03% |      0.03% |      0.04% |      0.04% |      0.04% |      0.03% |      0.04% |      0.04% |      0.05% |      0.03% |      0.04%
  mpki                               |       0.08 |       0.07 |       0.08 |       0.08 |       0.08 |       0.08 |       0.07 |       0.11 |       0.09 |       0.09 |       0.08 |       0.09 |       0.10 |       0.11 |       0.08 |       0.11
TLB Summary                          |            |            |            |            |            |            |            |            |            |            |            |            |            |            |            |           
Cache Summary                        |            |            |            |            |            |            |            |            |            |            |            |            |            |            |            |           
  Cache L1-I                         |            |            |            |            |            |            |            |            |            |            |            |            |            |            |            |           
    num cache accesses               |      32018 |      32017 |      32017 |      32022 |      32022 |      32022 |      32022 |      32022 |      32017 |      32022 |      32022 |      32022 |      32022 |      32022 |      32020 |      32022
    num cache misses                 |         16 |         17 |         17 |         17 |         17 |         17 |         17 |         17 |         17 |         17 |         17 |         17 |         17 |         17 |         17 |         17
    miss rate                        |      0.05% |      0.05% |      0.05% |      0.05% |      0.05% |      0.05% |      0.05% |      0.05% |      0.05% |      0.05% |      0.05% |      0.05% |      0.05% |      0.05% |      0.05% |      0.05%
    mpki                             |       0.00 |       0.00 |       0.00 |       0.00 |       0.00 |       0.00 |       0.00 |       0.00 |       0.00 |       0.00 |       0.00 |       0.00 |       0.00 |       0.00 |       0.00 |       0.00
  Cache L1-D                         |            |            |            |            |            |            |            |            |            |            |            |            |            |            |            |           
    num cache accesses               |    2764362 |    2517268 |    2956978 |    2946079 |    2679989 |    2714213 |    2464202 |    2225277 |    2361586 |    2560731 |    2509373 |    2677808 |    2500396 |    2023272 |    2633389 |    2281759
    num cache misses                 |      14303 |      12878 |      15830 |      15562 |      15359 |      15462 |      13978 |      12563 |      13258 |      14623 |      14212 |      15320 |      14358 |      11511 |      15251 |      13045
    miss rate                        |      0.52% |      0.51% |      0.54% |      0.53% |      0.57% |      0.57% |      0.57% |      0.56% |      0.56% |      0.57% |      0.57% |      0.57% |      0.57% |      0.57% |      0.58% |      0.57%
    mpki                             |       2.62 |       2.59 |       2.71 |       2.67 |       2.90 |       2.88 |       2.87 |       2.86 |       2.84 |       2.89 |       2.87 |       2.89 |       2.91 |       2.89 |       2.93 |       2.90
  Cache L2                           |            |            |            |            |            |            |            |            |            |            |            |            |            |            |            |           
    num cache accesses               |      15431 |      13914 |      16859 |      16604 |      16484 |      16532 |      15058 |      13597 |      14395 |      15729 |      15301 |      16356 |      15477 |      12619 |      16303 |      14125
    num cache misses                 |       8933 |       7923 |      10300 |       9908 |       9617 |       9652 |       8576 |       7620 |       7987 |       8964 |       8672 |       9647 |       8722 |       6900 |       9755 |       7885
    miss rate                        |     57.89% |     56.94% |     61.09% |     59.67% |     58.34% |     58.38% |     56.95% |     56.04% |     55.48% |     56.99% |     56.68% |     58.98% |     56.35% |     54.68% |     59.84% |     55.82%
    mpki                             |       1.63 |       1.59 |       1.76 |       1.70 |       1.82 |       1.80 |       1.76 |       1.74 |       1.71 |       1.77 |       1.75 |       1.82 |       1.77 |       1.73 |       1.87 |       1.75
  Cache L3                           |            |            |            |            |            |            |            |            |            |            |            |            |            |            |            |           
    num cache accesses               |      10010 |       8912 |      11303 |      10950 |      10625 |      10682 |       9583 |       8629 |       9001 |      10016 |       9689 |      10652 |       9767 |       7933 |      10766 |       8877
    num cache misses                 |       8909 |       7903 |      10268 |       9893 |       9584 |       9629 |       8547 |       7588 |       7961 |       8931 |       8646 |       9625 |       8696 |       6870 |       9741 |       7849
    miss rate                        |     89.00% |     88.68% |     90.84% |     90.35% |     90.20% |     90.14% |     89.19% |     87.94% |     88.45% |     89.17% |     89.24% |     90.36% |     89.03% |     86.60% |     90.48% |     88.42%
    mpki                             |       1.63 |       1.59 |       1.75 |       1.70 |       1.81 |       1.79 |       1.76 |       1.73 |       1.71 |       1.77 |       1.74 |       1.82 |       1.76 |       1.72 |       1.87 |       1.74
DRAM summary                         |            |            |            |            |            |            |            |            |            |            |            |            |            |            |            |           
  num dram accesses                  |      35630 |          0 |          0 |          0 |          0 |          0 |          0 |          0 |          0 |          0 |          0 |          0 |          0 |          0 |          0 |          0
  average dram access latency (ns)   |      57.56 |        inf |        inf |        inf |        inf |        inf |        inf |        inf |        inf |        inf |        inf |        inf |        inf |        inf |        inf |        inf
  average dram queueing delay        |       4.13 |       0.00 |       0.00 |       0.00 |       0.00 |       0.00 |       0.00 |       0.00 |       0.00 |       0.00 |       0.00 |       0.00 |       0.00 |       0.00 |       0.00 |       0.00
  average dram bandwidth utilization |     17.00% |      0.00% |      0.00% |      0.00% |      0.00% |      0.00% |      0.00% |      0.00% |      0.00% |      0.00% |      0.00% |      0.00% |      0.00% |      0.00% |      0.00% |      0.00%
Coherency Traffic                    |            |            |            |            |            |            |            |            |            |            |            |            |            |            |            |           
  num loads from dram                |       1272 |       1020 |       1444 |       1413 |       2895 |       2691 |       2271 |       1838 |       2473 |       2600 |       2331 |       2654 |       2845 |       2029 |       3325 |       2267
  num loads from dram cache          |          0 |          0 |          0 |          0 |          0 |          0 |          0 |          0 |          0 |          0 |          0 |          0 |          0 |          0 |          0 |          0
  num loads from remote cache        |       2533 |       2039 |       2772 |       2467 |       1415 |       1389 |       1090 |        917 |        952 |       1092 |       1000 |       1212 |        987 |        743 |       1152 |        749
