                                     | Core 0     | Core 1     | Core 2     | Core 3     | Core 4     | Core 5     | Core 6     | Core 7     | Core 8     | Core 9     | Core 10    | Core 11    | Core 12    | Core 13    | Core 14    | Core 15   
  Instructions                       |     245651 |     453451 |     396760 |     418161 |     328737 |     234102 |     474204 |     337472 |     491724 |     500487 |     491973 |     410435 |     365015 |     444063 |     382779 |     488031
  Cycles                             |    1005186 |    1005186 |    1005186 |    1005186 |    1005186 |    1005186 |    1005186 |    1005186 |    1005186 |    1005186 |    1005186 |    1005186 |    1005186 |    1005186 |    1005186 |    1005186
  IPC                                |       0.24 |       0.45 |       0.39 |       0.42 |       0.33 |       0.23 |       0.47 |       0.34 |       0.49 |       0.50 |       0.49 |       0.41 |       0.36 |       0.44 |       0.38 |       0.49
  Time (ns)                          |     377890 |     377890 |     377890 |     377890 |     377890 |     377890 |     377890 |     377890 |     377890 |     377890 |     377890 |     377890 |     377890 |     377890 |     377890 |     377890
  Idle time (ns)                     |     210275 |      97078 |     129996 |     108670 |     169473 |     229311 |      83159 |     162100 |      79596 |      71812 |      75954 |      97244 |     122721 |      88112 |     134217 |      72502
  Idle time (%)                      |      55.6% |      25.7% |      34.4% |      28.8% |      44.8% |      60.7% |      22.0% |      42.9% |      21.1% |      19.0% |      20.1% |      25.7% |      32.5% |      23.3% |      35.5% |      19.2%
Branch predictor stats               |            |            |            |            |            |            |            |            |            |            |            |            |            |            |            |           
  num correct                        |      48518 |     100405 |      86226 |      91558 |      69299 |      45580 |     105576 |      71465 |     109930 |     112218 |     110052 |      89609 |      78299 |      98058 |      82782 |     108984
  num incorrect                      |        144 |        214 |        215 |        231 |        127 |        195 |        223 |        154 |        248 |        161 |        199 |        247 |        205 |        215 |        174 |        265
  misprediction rate                 |      0.30% |      0.21% |      0.25% |      0.25% |      0.18% |      0.43% |      0.21% |      0.22% |      0.23% |      0.14% |      0.18% |      0.27% |      0.26% |      0.22% |      0.21% |      0.24%
  mpki                               |       0.59 |       0.47 |       0.54 |       0.55 |       0.39 |       0.83 |       0.47 |       0.46 |       0.50 |       0.32 |       0.40 |       0.60 |       0.56 |       0.48 |       0.45 |       0.54
TLB Summary                          |            |            |            |            |            |            |            |            |            |            |            |            |            |            |            |           
Cache Summary                        |            |            |            |            |            |            |            |            |            |            |            |            |            |            |            |           
  Cache L1-I                         |            |            |            |            |            |            |            |            |            |            |            |            |            |            |            |           
    num cache accesses               |      12018 |      12012 |      12016 |      12012 |      12021 |      12021 |      12016 |      12016 |      12012 |      12011 |      12012 |      12016 |      12016 |      12012 |      12012 |      12021
    num cache misses                 |         15 |         15 |         15 |         15 |         15 |         15 |         15 |         15 |         15 |         14 |         15 |         15 |         15 |         15 |         15 |         15
    miss rate                        |      0.12% |      0.12% |      0.12% |      0.12% |      0.12% |      0.12% |      0.12% |      0.12% |      0.12% |      0.12% |      0.12% |      0.12% |      0.12% |      0.12% |      0.12% |      0.12%
    mpki                             |       0.06 |       0.03 |       0.04 |       0.04 |       0.05 |       0.06 |       0.03 |       0.04 |       0.03 |       0.03 |       0.03 |       0.04 |       0.04 |       0.03 |       0.04 |       0.03
  Cache L1-D                         |            |            |            |            |            |            |            |            |            |            |            |            |            |            |            |           
    num cache accesses               |     132354 |     236263 |     207917 |     218601 |     173881 |     126581 |     246637 |     178273 |     255381 |     259780 |     255525 |     214752 |     192044 |     231569 |     200930 |     253540
    num cache misses                 |       2127 |       2695 |       2408 |       2582 |       1972 |       1485 |       2877 |       2063 |       3017 |       2975 |       2997 |       2693 |       2462 |       2750 |       2259 |       3002
    miss rate                        |      1.61% |      1.14% |      1.16% |      1.18% |      1.13% |      1.17% |      1.17% |      1.16% |      1.18% |      1.15% |      1.17% |      1.25% |      1.28% |      1.19% |      1.12% |      1.18%
    mpki                             |       8.66 |       5.94 |       6.07 |       6.17 |       6.00 |       6.34 |       6.07 |       6.11 |       6.14 |       5.94 |       6.09 |       6.56 |       6.74 |       6.19 |       5.90 |       6.15
  Cache L2                           |            |            |            |            |            |            |            |            |            |            |            |            |            |            |            |           
    num cache accesses               |       2585 |       3068 |       2837 |       2950 |       2333 |       1872 |       3256 |       2450 |       3400 |       3348 |       3358 |       3070 |       2856 |       3126 |       2606 |       3373
    num cache misses                 |       2142 |       2710 |       2423 |       2597 |       1987 |       1500 |       2892 |       2078 |       3032 |       2989 |       3012 |       2708 |       2477 |       2765 |       2274 |       3017
    miss rate                        |     82.86% |     88.33% |     85.41% |     88.03% |     85.17% |     80.13% |     88.82% |     84.82% |     89.18% |     89.28% |     89.70% |     88.21% |     86.73% |     88.45% |     87.26% |     89.45%
    mpki                             |       8.72 |       5.98 |       6.11 |       6.21 |       6.04 |       6.41 |       6.10 |       6.16 |       6.17 |       5.97 |       6.12 |       6.60 |       6.79 |       6.23 |       5.94 |       6.18
  Cache L3                           |            |            |            |            |            |            |            |            |            |            |            |            |            |            |            |           
    num cache accesses               |       2585 |       3068 |       2837 |       2950 |       2333 |       1872 |       3256 |       2450 |       3400 |       3348 |       3358 |       3070 |       2856 |       3126 |       2606 |       3373
    num cache misses                 |       2142 |       2710 |       2423 |       2597 |       1987 |       1500 |       2892 |       2078 |       3032 |       2989 |       3012 |       2708 |       2477 |       2765 |       2274 |       3017
    miss rate                        |     82.86% |     88.33% |     85.41% |     88.03% |     85.17% |     80.13% |     88.82% |     84.82% |     89.18% |     89.28% |     89.70% |     88.21% |     86.73% |     88.45% |     87.26% |     89.45%
    mpki                             |       8.72 |       5.98 |       6.11 |       6.21 |       6.04 |       6.41 |       6.10 |       6.16 |       6.17 |       5.97 |       6.12 |       6.60 |       6.79 |       6.23 |       5.94 |       6.18
DRAM summary                         |            |            |            |            |            |            |            |            |            |            |            |            |            |            |            |           
  num dram accesses                  |      27072 |          0 |          0 |          0 |          0 |          0 |          0 |          0 |          0 |          0 |          0 |          0 |          0 |          0 |          0 |          0
  average dram access latency (ns)   |      89.88 |        inf |        inf |        inf |        inf |        inf |        inf |        inf |        inf |        inf |        inf |        inf |        inf |        inf |        inf |        inf
  average dram queueing delay        |      36.45 |       0.00 |       0.00 |       0.00 |       0.00 |       0.00 |       0.00 |       0.00 |       0.00 |       0.00 |       0.00 |       0.00 |       0.00 |       0.00 |       0.00 |       0.00
  average dram bandwidth utilization |     60.00% |      0.00% |      0.00% |      0.00% |      0.00% |      0.00% |      0.00% |      0.00% |      0.00% |      0.00% |      0.00% |      0.00% |      0.00% |      0.00% |      0.00% |      0.00%
Coherency Traffic                    |            |            |            |            |            |            |            |            |            |            |            |            |            |            |            |           
  num loads from dram                |        938 |       1771 |       1531 |       1689 |       1258 |        807 |       1866 |       1310 |       1840 |       1949 |       1895 |       1799 |       1601 |       1885 |       1532 |       1921
  num loads from dram cache          |          0 |          0 |          0 |          0 |          0 |          0 |          0 |          0 |          0 |          0 |          0 |          0 |          0 |          0 |          0 |          0
  num loads from remote cache        |        766 |        579 |        502 |        548 |        418 |        337 |        636 |        427 |        771 |        680 |        733 |        549 |        518 |        552 |        439 |        729
